#
# There is insufficient memory for the Java Runtime Environment to continue.
# Native memory allocation (malloc) failed to allocate 945616 bytes. Error detail: Chunk::new
# Possible reasons:
#   The system is out of physical RAM or swap space
#   This process is running with CompressedOops enabled, and the Java Heap may be blocking the growth of the native heap
# Possible solutions:
#   Reduce memory load on the system
#   Increase physical memory or swap space
#   Check if swap backing store is full
#   Decrease Java heap size (-Xmx/-Xms)
#   Decrease number of Java threads
#   Decrease Java thread stack sizes (-Xss)
#   Set larger code cache with -XX:ReservedCodeCacheSize=
#   JVM is running with Unscaled Compressed Oops mode in which the Java heap is
#     placed in the first 4GB address space. The Java Heap base address is the
#     maximum limit for the native heap growth. Please use -XX:HeapBaseMinAddress
#     to set the Java Heap base and to place the Java Heap above 4GB virtual address.
# This output file may be truncated or incomplete.
#
#  Out of Memory Error (arena.cpp:150), pid=4420, tid=16356
#
# JRE version: OpenJDK Runtime Environment OpenLogic-OpenJDK (22.0.2+9) (build 22.0.2+9-adhoc.Administrator.jdk22u)
# Java VM: OpenJDK 64-Bit Server VM OpenLogic-OpenJDK (22.0.2+9-adhoc.Administrator.jdk22u, mixed mode, sharing, tiered, compressed oops, compressed class ptrs, g1 gc, windows-amd64)
# No core dump will be written. Minidumps are not enabled by default on client versions of Windows
#

---------------  S U M M A R Y ------------

Command Line: org.jetbrains.kotlin.cli.jvm.K2JVMCompiler @C:\Users\DELL\Desktop\shadowtrace\mobile-app\node_modules\expo-modules-autolinking\android\expo-gradle-plugin\expo-autolinking-plugin-shared\build\20260302_14625474731389638892.compiler.options

Host: Intel(R) Core(TM) i3-1005G1 CPU @ 1.20GHz, 4 cores, 3G,  Windows 10 , 64 bit Build 19041 (10.0.19041.5915)
Time: Mon Mar  2 21:05:57 2026 India Standard Time elapsed time: 16.649036 seconds (0d 0h 0m 16s)

---------------  T H R E A D  ---------------

Current thread (0x000001cb55a99c20):  JavaThread "C2 CompilerThread0" daemon [_thread_in_native, id=16356, stack(0x00000040cfb00000,0x00000040cfc00000) (1024K)]


Current CompileTask:
C2:16649 2675   !   4       jdk.internal.loader.BuiltinClassLoader::loadClassOrNull (143 bytes)

Stack: [0x00000040cfb00000,0x00000040cfc00000]
Native frames: (J=compiled Java code, j=interpreted, Vv=VM code, C=native code)
V  [jvm.dll+0x6f7a89]  (no source info available)
V  [jvm.dll+0x8dbfe5]  (no source info available)
V  [jvm.dll+0x8de24e]  (no source info available)
V  [jvm.dll+0x8de933]  (no source info available)
V  [jvm.dll+0x28d206]  (no source info available)
V  [jvm.dll+0xc500f]  (no source info available)
V  [jvm.dll+0xc526b]  (no source info available)
V  [jvm.dll+0x303591]  (no source info available)
V  [jvm.dll+0x61d509]  (no source info available)
V  [jvm.dll+0x25d392]  (no source info available)
V  [jvm.dll+0x255c61]  (no source info available)
V  [jvm.dll+0x2535c0]  (no source info available)
V  [jvm.dll+0x1cee1a]  (no source info available)
V  [jvm.dll+0x263205]  (no source info available)
V  [jvm.dll+0x2614cb]  (no source info available)
V  [jvm.dll+0x407326]  (no source info available)
V  [jvm.dll+0x883518]  (no source info available)
V  [jvm.dll+0x6f6295]  (no source info available)
C  [ucrtbase.dll+0x21bb2]  (no source info available)
C  [KERNEL32.DLL+0x17374]  (no source info available)
C  [ntdll.dll+0x4cc91]  (no source info available)


---------------  P R O C E S S  ---------------

Threads class SMR info:
_java_thread_list=0x000001cb9b06ddc0, length=11, elements={
0x000001cb3776f090, 0x000001cb55a91bb0, 0x000001cb55a94ad0, 0x000001cb55a958e0,
0x000001cb55a966f0, 0x000001cb55a98250, 0x000001cb55a98da0, 0x000001cb55a99c20,
0x000001cb55ac7f20, 0x000001cb9b0987c0, 0x000001cb9b09c660
}

Java Threads: ( => current thread )
  0x000001cb3776f090 JavaThread "main"                              [_thread_in_vm, id=15188, stack(0x00000040ced00000,0x00000040cee00000) (1024K)]
  0x000001cb55a91bb0 JavaThread "Reference Handler"          daemon [_thread_blocked, id=8344, stack(0x00000040cf500000,0x00000040cf600000) (1024K)]
  0x000001cb55a94ad0 JavaThread "Finalizer"                  daemon [_thread_blocked, id=9844, stack(0x00000040cf600000,0x00000040cf700000) (1024K)]
  0x000001cb55a958e0 JavaThread "Signal Dispatcher"          daemon [_thread_blocked, id=22480, stack(0x00000040cf700000,0x00000040cf800000) (1024K)]
  0x000001cb55a966f0 JavaThread "Attach Listener"            daemon [_thread_blocked, id=5840, stack(0x00000040cf800000,0x00000040cf900000) (1024K)]
  0x000001cb55a98250 JavaThread "Service Thread"             daemon [_thread_blocked, id=5116, stack(0x00000040cf900000,0x00000040cfa00000) (1024K)]
  0x000001cb55a98da0 JavaThread "Monitor Deflation Thread"   daemon [_thread_blocked, id=17132, stack(0x00000040cfa00000,0x00000040cfb00000) (1024K)]
=>0x000001cb55a99c20 JavaThread "C2 CompilerThread0"         daemon [_thread_in_native, id=16356, stack(0x00000040cfb00000,0x00000040cfc00000) (1024K)]
  0x000001cb55ac7f20 JavaThread "C1 CompilerThread0"         daemon [_thread_blocked, id=12760, stack(0x00000040cfc00000,0x00000040cfd00000) (1024K)]
  0x000001cb9b0987c0 JavaThread "Notification Thread"        daemon [_thread_blocked, id=13496, stack(0x00000040cfd00000,0x00000040cfe00000) (1024K)]
  0x000001cb9b09c660 JavaThread "Common-Cleaner"             daemon [_thread_blocked, id=4144, stack(0x00000040cfe00000,0x00000040cff00000) (1024K)]
Total: 11

Other Threads:
  0x000001cb39a20150 VMThread "VM Thread"                           [id=23220, stack(0x00000040cf400000,0x00000040cf500000) (1024K)]
  0x000001cb55a7aed0 WatcherThread "VM Periodic Task Thread"        [id=1924, stack(0x00000040cf300000,0x00000040cf400000) (1024K)]
  0x000001cb3999b4d0 WorkerThread "GC Thread#0"                     [id=3600, stack(0x00000040cee00000,0x00000040cef00000) (1024K)]
  0x000001cb9b550ef0 WorkerThread "GC Thread#1"                     [id=15812, stack(0x00000040cff00000,0x00000040d0000000) (1024K)]
  0x000001cb9b552b10 WorkerThread "GC Thread#2"                     [id=16888, stack(0x00000040d0000000,0x00000040d0100000) (1024K)]
  0x000001cb9b596480 WorkerThread "GC Thread#3"                     [id=3956, stack(0x00000040d0100000,0x00000040d0200000) (1024K)]
  0x000001cb399a3d80 ConcurrentGCThread "G1 Main Marker"            [id=24788, stack(0x00000040cef00000,0x00000040cf000000) (1024K)]
  0x000001cb399a4890 WorkerThread "G1 Conc#0"                       [id=13964, stack(0x00000040cf000000,0x00000040cf100000) (1024K)]
  0x000001cb399fbb40 ConcurrentGCThread "G1 Refine#0"               [id=23960, stack(0x00000040cf100000,0x00000040cf200000) (1024K)]
  0x000001cb399fc6c0 ConcurrentGCThread "G1 Service"                [id=8296, stack(0x00000040cf200000,0x00000040cf300000) (1024K)]
Total: 10

Threads with active compile tasks:
C2 CompilerThread0  16799 2675   !   4       jdk.internal.loader.BuiltinClassLoader::loadClassOrNull (143 bytes)
Total: 1

VM state: not at safepoint (normal execution)

VM Mutex/Monitor currently owned by a thread: None

Heap address: 0x00000000c3a00000, size: 966 MB, Compressed Oops mode: 32-bit

CDS archive(s) mapped at: [0x000001cb56000000-0x000001cb56c60000-0x000001cb56c60000), size 12976128, SharedBaseAddress: 0x000001cb56000000, ArchiveRelocationMode: 1.
Compressed class space mapped at: 0x000001cb57000000-0x000001cb97000000, reserved size: 1073741824
Narrow klass base: 0x000001cb56000000, Narrow klass shift: 0, Narrow klass range: 0x41000000

GC Precious Log:
 CardTable entry size: 512
 Card Set container configuration: InlinePtr #cards 5 size 8 Array Of Cards #cards 12 size 40 Howl #buckets 4 coarsen threshold 1843 Howl Bitmap #cards 512 size 80 coarsen threshold 460 Card regions per heap region 1 cards per card region 2048
 CPUs: 4 total, 4 available
 Memory: 3862M
 Large Page Support: Disabled
 NUMA Support: Disabled
 Compressed Oops: Enabled (32-bit)
 Heap Region Size: 1M
 Heap Min Capacity: 8M
 Heap Initial Capacity: 62M
 Heap Max Capacity: 966M
 Pre-touch: Disabled
 Parallel Workers: 4
 Concurrent Workers: 1
 Concurrent Refinement Workers: 4
 Periodic GC: Disabled

Heap:
 garbage-first heap   total reserved 989184K, committed 39936K, used 31718K [0x00000000c3a00000, 0x0000000100000000)
  region size 1024K, 22 young (22528K), 2 survivors (2048K)
 Metaspace       used 35501K, committed 35776K, reserved 1114112K
  class space    used 4330K, committed 4480K, reserved 1048576K

Heap Regions: E=young(eden), S=young(survivor), O=old, HS=humongous(starts), HC=humongous(continues), CS=collection set, F=free, TAMS=top-at-mark-start, PB=parsable bottom
|   0|0x00000000c3a00000, 0x00000000c3b00000, 0x00000000c3b00000|100%|HS|  |TAMS 0x00000000c3a00000| PB 0x00000000c3a00000| Complete |  0
|   1|0x00000000c3b00000, 0x00000000c3c00000, 0x00000000c3c00000|100%|HC|  |TAMS 0x00000000c3b00000| PB 0x00000000c3b00000| Complete |  0
|   2|0x00000000c3c00000, 0x00000000c3d00000, 0x00000000c3d00000|100%|HC|  |TAMS 0x00000000c3c00000| PB 0x00000000c3c00000| Complete |  0
|   3|0x00000000c3d00000, 0x00000000c3e00000, 0x00000000c3e00000|100%| O|  |TAMS 0x00000000c3d00000| PB 0x00000000c3d00000| Untracked |  0
|   4|0x00000000c3e00000, 0x00000000c3f00000, 0x00000000c3f00000|100%| O|  |TAMS 0x00000000c3e00000| PB 0x00000000c3e00000| Untracked |  0
|   5|0x00000000c3f00000, 0x00000000c4000000, 0x00000000c4000000|100%| O|  |TAMS 0x00000000c3f00000| PB 0x00000000c3f00000| Untracked |  0
|   6|0x00000000c4000000, 0x00000000c4000000, 0x00000000c4100000|  0%| F|  |TAMS 0x00000000c4000000| PB 0x00000000c4000000| Untracked |  0
|   7|0x00000000c4100000, 0x00000000c4200000, 0x00000000c4200000|100%| O|  |TAMS 0x00000000c4100000| PB 0x00000000c4100000| Untracked |  0
|   8|0x00000000c4200000, 0x00000000c4300000, 0x00000000c4300000|100%| O|  |TAMS 0x00000000c4200000| PB 0x00000000c4200000| Untracked |  0
|   9|0x00000000c4300000, 0x00000000c4400000, 0x00000000c4400000|100%| O|  |TAMS 0x00000000c4300000| PB 0x00000000c4300000| Untracked |  0
|  10|0x00000000c4400000, 0x00000000c4500000, 0x00000000c4500000|100%| O|  |TAMS 0x00000000c4400000| PB 0x00000000c4400000| Untracked |  0
|  11|0x00000000c4500000, 0x00000000c4600000, 0x00000000c4600000|100%| O|  |TAMS 0x00000000c4500000| PB 0x00000000c4500000| Untracked |  0
|  12|0x00000000c4600000, 0x00000000c4690f00, 0x00000000c4700000| 56%| O|  |TAMS 0x00000000c4600000| PB 0x00000000c4600000| Untracked |  0
|  13|0x00000000c4700000, 0x00000000c4700000, 0x00000000c4800000|  0%| F|  |TAMS 0x00000000c4700000| PB 0x00000000c4700000| Untracked |  0
|  14|0x00000000c4800000, 0x00000000c4868bb0, 0x00000000c4900000| 40%| S|CS|TAMS 0x00000000c4800000| PB 0x00000000c4800000| Complete |  0
|  15|0x00000000c4900000, 0x00000000c4a00000, 0x00000000c4a00000|100%| S|CS|TAMS 0x00000000c4900000| PB 0x00000000c4900000| Complete |  0
|  16|0x00000000c4a00000, 0x00000000c4a00000, 0x00000000c4b00000|  0%| F|  |TAMS 0x00000000c4a00000| PB 0x00000000c4a00000| Untracked |  0
|  17|0x00000000c4b00000, 0x00000000c4b00000, 0x00000000c4c00000|  0%| F|  |TAMS 0x00000000c4b00000| PB 0x00000000c4b00000| Untracked |  0
|  18|0x00000000c4c00000, 0x00000000c4c00000, 0x00000000c4d00000|  0%| F|  |TAMS 0x00000000c4c00000| PB 0x00000000c4c00000| Untracked |  0
|  19|0x00000000c4d00000, 0x00000000c4d6d7b0, 0x00000000c4e00000| 42%| E|  |TAMS 0x00000000c4d00000| PB 0x00000000c4d00000| Complete |  0
|  20|0x00000000c4e00000, 0x00000000c4f00000, 0x00000000c4f00000|100%| E|CS|TAMS 0x00000000c4e00000| PB 0x00000000c4e00000| Complete |  1
|  21|0x00000000c4f00000, 0x00000000c5000000, 0x00000000c5000000|100%| E|CS|TAMS 0x00000000c4f00000| PB 0x00000000c4f00000| Complete |  0
|  22|0x00000000c5000000, 0x00000000c5100000, 0x00000000c5100000|100%| E|CS|TAMS 0x00000000c5000000| PB 0x00000000c5000000| Complete |  0
|  23|0x00000000c5100000, 0x00000000c5200000, 0x00000000c5200000|100%| E|CS|TAMS 0x00000000c5100000| PB 0x00000000c5100000| Complete |  0
|  24|0x00000000c5200000, 0x00000000c5300000, 0x00000000c5300000|100%| E|CS|TAMS 0x00000000c5200000| PB 0x00000000c5200000| Complete |  0
|  25|0x00000000c5300000, 0x00000000c5400000, 0x00000000c5400000|100%| E|CS|TAMS 0x00000000c5300000| PB 0x00000000c5300000| Complete |  0
|  26|0x00000000c5400000, 0x00000000c5500000, 0x00000000c5500000|100%| E|CS|TAMS 0x00000000c5400000| PB 0x00000000c5400000| Complete |  0
|  27|0x00000000c5500000, 0x00000000c5600000, 0x00000000c5600000|100%| E|CS|TAMS 0x00000000c5500000| PB 0x00000000c5500000| Complete |  0
|  28|0x00000000c5600000, 0x00000000c5700000, 0x00000000c5700000|100%| E|CS|TAMS 0x00000000c5600000| PB 0x00000000c5600000| Complete |  0
|  29|0x00000000c5700000, 0x00000000c5800000, 0x00000000c5800000|100%| E|CS|TAMS 0x00000000c5700000| PB 0x00000000c5700000| Complete |  0
|  30|0x00000000c5800000, 0x00000000c5900000, 0x00000000c5900000|100%| E|CS|TAMS 0x00000000c5800000| PB 0x00000000c5800000| Complete |  0
|  31|0x00000000c5900000, 0x00000000c5a00000, 0x00000000c5a00000|100%| E|CS|TAMS 0x00000000c5900000| PB 0x00000000c5900000| Complete |  0
|  32|0x00000000c5a00000, 0x00000000c5b00000, 0x00000000c5b00000|100%| E|  |TAMS 0x00000000c5a00000| PB 0x00000000c5a00000| Complete |  0
|  33|0x00000000c5b00000, 0x00000000c5c00000, 0x00000000c5c00000|100%| E|CS|TAMS 0x00000000c5b00000| PB 0x00000000c5b00000| Complete |  0
|  34|0x00000000c5c00000, 0x00000000c5d00000, 0x00000000c5d00000|100%| E|CS|TAMS 0x00000000c5c00000| PB 0x00000000c5c00000| Complete |  0
|  57|0x00000000c7300000, 0x00000000c7400000, 0x00000000c7400000|100%| E|CS|TAMS 0x00000000c7300000| PB 0x00000000c7300000| Complete |  0
|  58|0x00000000c7400000, 0x00000000c7500000, 0x00000000c7500000|100%| E|CS|TAMS 0x00000000c7400000| PB 0x00000000c7400000| Complete |  0
|  59|0x00000000c7500000, 0x00000000c7600000, 0x00000000c7600000|100%| E|CS|TAMS 0x00000000c7500000| PB 0x00000000c7500000| Complete |  0
|  61|0x00000000c7700000, 0x00000000c7800000, 0x00000000c7800000|100%| E|CS|TAMS 0x00000000c7700000| PB 0x00000000c7700000| Complete |  0

Card table byte_map: [0x000001cb52520000,0x000001cb52710000] _byte_map_base: 0x000001cb51f03000

Marking Bits: (CMBitMap*) 0x000001cb3999bbe0
 Bits: [0x000001cb52710000, 0x000001cb53628000)

Polling page: 0x000001cb37920000

Metaspace:

Usage:
  Non-class:     30.44 MB used.
      Class:      4.23 MB used.
       Both:     34.67 MB used.

Virtual space:
  Non-class space:       64.00 MB reserved,      30.56 MB ( 48%) committed,  1 nodes.
      Class space:        1.00 GB reserved,       4.38 MB ( <1%) committed,  1 nodes.
             Both:        1.06 GB reserved,      34.94 MB (  3%) committed. 

Chunk freelists:
   Non-Class:  144.00 KB
       Class:  11.67 MB
        Both:  11.81 MB

MaxMetaspaceSize: unlimited
CompressedClassSpaceSize: 1.00 GB
Initial GC threshold: 21.00 MB
Current GC threshold: 35.25 MB
CDS: on
 - commit_granule_bytes: 65536.
 - commit_granule_words: 8192.
 - virtual_space_node_default_size: 8388608.
 - enlarge_chunks_in_place: 1.
 - use_allocation_guard: 0.


Internal statistics:

num_allocs_failed_limit: 3.
num_arena_births: 238.
num_arena_deaths: 0.
num_vsnodes_births: 2.
num_vsnodes_deaths: 0.
num_space_committed: 559.
num_space_uncommitted: 0.
num_chunks_returned_to_freelist: 3.
num_chunks_taken_from_freelist: 1446.
num_chunk_merges: 3.
num_chunk_splits: 1181.
num_chunks_enlarged: 1050.
num_inconsistent_stats: 0.

CodeHeap 'non-profiled nmethods': size=120000Kb used=1099Kb max_used=1099Kb free=118900Kb
 bounds [0x000001cb4ae00000, 0x000001cb4b070000, 0x000001cb52330000]
CodeHeap 'profiled nmethods': size=120000Kb used=5192Kb max_used=5192Kb free=114807Kb
 bounds [0x000001cb43330000, 0x000001cb43850000, 0x000001cb4a860000]
CodeHeap 'non-nmethods': size=5760Kb used=1760Kb max_used=1792Kb free=3999Kb
 bounds [0x000001cb4a860000, 0x000001cb4aad0000, 0x000001cb4ae00000]
 total_blobs=3317 nmethods=2688 adapters=533
 compilation: enabled
              stopped_count=0, restarted_count=0
 full_count=0

Compilation events (20 events):
Event: 16.453 Thread 0x000001cb55ac7f20 nmethod 2669 0x000001cb43834f10 code [0x000001cb438350c0, 0x000001cb438352c8]
Event: 16.453 Thread 0x000001cb55ac7f20 2671       3       java.lang.invoke.InnerClassLambdaMetafactory$ForwardingMethodGenerator::invocationOpcode (104 bytes)
Event: 16.454 Thread 0x000001cb55ac7f20 nmethod 2671 0x000001cb43835390 code [0x000001cb438355e0, 0x000001cb43835db8]
Event: 16.454 Thread 0x000001cb55ac7f20 2672       3       java.lang.invoke.InnerClassLambdaMetafactory::getReturnOpcode (20 bytes)
Event: 16.454 Thread 0x000001cb55ac7f20 nmethod 2672 0x000001cb43836090 code [0x000001cb43836240, 0x000001cb438363c0]
Event: 16.454 Thread 0x000001cb55ac7f20 2673       3       jdk.internal.org.objectweb.asm.MethodVisitor::visitMaxs (17 bytes)
Event: 16.454 Thread 0x000001cb55ac7f20 nmethod 2673 0x000001cb43836490 code [0x000001cb43836640, 0x000001cb43836848]
Event: 16.461 Thread 0x000001cb55ac7f20 2674       3       org.jetbrains.kotlin.name.FqName::asString (8 bytes)
Event: 16.462 Thread 0x000001cb55ac7f20 nmethod 2674 0x000001cb43836910 code [0x000001cb43836aa0, 0x000001cb43836bd0]
Event: 16.466 Thread 0x000001cb55a99c20 2675   !   4       jdk.internal.loader.BuiltinClassLoader::loadClassOrNull (143 bytes)
Event: 16.468 Thread 0x000001cb55ac7f20 2676       3       org.jetbrains.org.objectweb.asm.ClassReader::readUTF8 (23 bytes)
Event: 16.468 Thread 0x000001cb55ac7f20 nmethod 2676 0x000001cb43836c90 code [0x000001cb43836e60, 0x000001cb43837098]
Event: 16.471 Thread 0x000001cb55ac7f20 2677       1       org.jetbrains.kotlin.metadata.deserialization.BinaryVersion::getMajor (5 bytes)
Event: 16.471 Thread 0x000001cb55ac7f20 nmethod 2677 0x000001cb4af12010 code [0x000001cb4af121a0, 0x000001cb4af12268]
Event: 16.483 Thread 0x000001cb55ac7f20 2679       3       java.util.Arrays$ArrayList::iterator (12 bytes)
Event: 16.483 Thread 0x000001cb55ac7f20 nmethod 2679 0x000001cb43837190 code [0x000001cb43837340, 0x000001cb438375c8]
Event: 16.593 Thread 0x000001cb55ac7f20 2680       3       kotlin.collections.CollectionsKt__CollectionsKt::getLastIndex (15 bytes)
Event: 16.593 Thread 0x000001cb55ac7f20 nmethod 2680 0x000001cb43837690 code [0x000001cb438378c0, 0x000001cb43837ee8]
Event: 16.599 Thread 0x000001cb55ac7f20 2681       3       org.jetbrains.org.objectweb.asm.ClassReader::readUtf (44 bytes)
Event: 16.599 Thread 0x000001cb55ac7f20 nmethod 2681 0x000001cb43838190 code [0x000001cb43838360, 0x000001cb43838738]

GC Heap History (12 events):
Event: 3.194 GC heap before
{Heap before GC invocations=0 (full 0):
 garbage-first heap   total reserved 989184K, committed 63488K, used 17408K [0x00000000c3a00000, 0x0000000100000000)
  region size 1024K, 14 young (14336K), 0 survivors (0K)
 Metaspace       used 4430K, committed 4608K, reserved 1114112K
  class space    used 351K, committed 448K, reserved 1048576K
}
Event: 3.261 GC heap after
{Heap after GC invocations=1 (full 0):
 garbage-first heap   total reserved 989184K, committed 63488K, used 5602K [0x00000000c3a00000, 0x0000000100000000)
  region size 1024K, 2 young (2048K), 2 survivors (2048K)
 Metaspace       used 4430K, committed 4608K, reserved 1114112K
  class space    used 351K, committed 448K, reserved 1048576K
}
Event: 5.997 GC heap before
{Heap before GC invocations=1 (full 0):
 garbage-first heap   total reserved 989184K, committed 63488K, used 25058K [0x00000000c3a00000, 0x0000000100000000)
  region size 1024K, 22 young (22528K), 2 survivors (2048K)
 Metaspace       used 10717K, committed 10944K, reserved 1114112K
  class space    used 1109K, committed 1216K, reserved 1048576K
}
Event: 6.005 GC heap after
{Heap after GC invocations=2 (full 0):
 garbage-first heap   total reserved 989184K, committed 63488K, used 6803K [0x00000000c3a00000, 0x0000000100000000)
  region size 1024K, 1 young (1024K), 1 survivors (1024K)
 Metaspace       used 10717K, committed 10944K, reserved 1114112K
  class space    used 1109K, committed 1216K, reserved 1048576K
}
Event: 9.576 GC heap before
{Heap before GC invocations=2 (full 0):
 garbage-first heap   total reserved 989184K, committed 63488K, used 42643K [0x00000000c3a00000, 0x0000000100000000)
  region size 1024K, 37 young (37888K), 1 survivors (1024K)
 Metaspace       used 20535K, committed 20800K, reserved 1114112K
  class space    used 2304K, committed 2432K, reserved 1048576K
}
Event: 9.585 GC heap after
{Heap after GC invocations=3 (full 0):
 garbage-first heap   total reserved 989184K, committed 63488K, used 9084K [0x00000000c3a00000, 0x0000000100000000)
  region size 1024K, 4 young (4096K), 4 survivors (4096K)
 Metaspace       used 20535K, committed 20800K, reserved 1114112K
  class space    used 2304K, committed 2432K, reserved 1048576K
}
Event: 9.993 GC heap before
{Heap before GC invocations=3 (full 0):
 garbage-first heap   total reserved 989184K, committed 63488K, used 10108K [0x00000000c3a00000, 0x0000000100000000)
  region size 1024K, 6 young (6144K), 4 survivors (4096K)
 Metaspace       used 21267K, committed 21504K, reserved 1114112K
  class space    used 2507K, committed 2624K, reserved 1048576K
}
Event: 10.000 GC heap after
{Heap after GC invocations=4 (full 0):
 garbage-first heap   total reserved 989184K, committed 63488K, used 9337K [0x00000000c3a00000, 0x0000000100000000)
  region size 1024K, 3 young (3072K), 3 survivors (3072K)
 Metaspace       used 21267K, committed 21504K, reserved 1114112K
  class space    used 2507K, committed 2624K, reserved 1048576K
}
Event: 12.659 GC heap before
{Heap before GC invocations=5 (full 0):
 garbage-first heap   total reserved 989184K, committed 34816K, used 33913K [0x00000000c3a00000, 0x0000000100000000)
  region size 1024K, 27 young (27648K), 3 survivors (3072K)
 Metaspace       used 26204K, committed 26560K, reserved 1114112K
  class space    used 3371K, committed 3520K, reserved 1048576K
}
Event: 12.671 GC heap after
{Heap after GC invocations=6 (full 0):
 garbage-first heap   total reserved 989184K, committed 39936K, used 11883K [0x00000000c3a00000, 0x0000000100000000)
  region size 1024K, 5 young (5120K), 5 survivors (5120K)
 Metaspace       used 26204K, committed 26560K, reserved 1114112K
  class space    used 3371K, committed 3520K, reserved 1048576K
}
Event: 14.178 GC heap before
{Heap before GC invocations=6 (full 0):
 garbage-first heap   total reserved 989184K, committed 39936K, used 29291K [0x00000000c3a00000, 0x0000000100000000)
  region size 1024K, 23 young (23552K), 5 survivors (5120K)
 Metaspace       used 30926K, committed 31232K, reserved 1114112K
  class space    used 3855K, committed 3968K, reserved 1048576K
}
Event: 14.194 GC heap after
{Heap after GC invocations=7 (full 0):
 garbage-first heap   total reserved 989184K, committed 39936K, used 13286K [0x00000000c3a00000, 0x0000000100000000)
  region size 1024K, 2 young (2048K), 2 survivors (2048K)
 Metaspace       used 30926K, committed 31232K, reserved 1114112K
  class space    used 3855K, committed 3968K, reserved 1048576K
}

Dll operation events (7 events):
Event: 0.095 Loaded shared library C:\Program Files\OpenLogic\jdk-22.0.2.9-hotspot\bin\java.dll
Event: 0.460 Loaded shared library C:\Program Files\OpenLogic\jdk-22.0.2.9-hotspot\bin\jsvml.dll
Event: 0.875 Loaded shared library C:\Program Files\OpenLogic\jdk-22.0.2.9-hotspot\bin\net.dll
Event: 0.912 Loaded shared library C:\Program Files\OpenLogic\jdk-22.0.2.9-hotspot\bin\nio.dll
Event: 1.258 Loaded shared library C:\Program Files\OpenLogic\jdk-22.0.2.9-hotspot\bin\zip.dll
Event: 1.608 Loaded shared library C:\Program Files\OpenLogic\jdk-22.0.2.9-hotspot\bin\jimage.dll
Event: 6.665 Loaded shared library C:\Program Files\OpenLogic\jdk-22.0.2.9-hotspot\bin\verify.dll

Deoptimization events (20 events):
Event: 15.352 Thread 0x000001cb3776f090 DEOPT PACKING pc=0x000001cb4aee6640 sp=0x00000040cedfe1b0
Event: 15.352 Thread 0x000001cb3776f090 DEOPT UNPACKING pc=0x000001cb4a8b7da2 sp=0x00000040cedfe180 mode 2
Event: 16.321 Thread 0x000001cb3776f090 Uncommon trap: trap_request=0xffffff45 fr.pc=0x000001cb4ae7a0a0 relative=0x0000000000000140
Event: 16.321 Thread 0x000001cb3776f090 Uncommon trap: reason=unstable_if action=reinterpret pc=0x000001cb4ae7a0a0 method=java.util.HashMap.getNode(Ljava/lang/Object;)Ljava/util/HashMap$Node; @ 66 c2
Event: 16.321 Thread 0x000001cb3776f090 DEOPT PACKING pc=0x000001cb4ae7a0a0 sp=0x00000040cedfe030
Event: 16.321 Thread 0x000001cb3776f090 DEOPT UNPACKING pc=0x000001cb4a8b7da2 sp=0x00000040cedfdf40 mode 2
Event: 16.323 Thread 0x000001cb3776f090 Uncommon trap: trap_request=0xffffff45 fr.pc=0x000001cb4ae4e920 relative=0x0000000000000140
Event: 16.323 Thread 0x000001cb3776f090 Uncommon trap: reason=unstable_if action=reinterpret pc=0x000001cb4ae4e920 method=java.util.HashMap.getNode(Ljava/lang/Object;)Ljava/util/HashMap$Node; @ 66 c2
Event: 16.324 Thread 0x000001cb3776f090 DEOPT PACKING pc=0x000001cb4ae4e920 sp=0x00000040cedfdfc0
Event: 16.324 Thread 0x000001cb3776f090 DEOPT UNPACKING pc=0x000001cb4a8b7da2 sp=0x00000040cedfdf40 mode 2
Event: 16.454 Thread 0x000001cb3776f090 DEOPT PACKING pc=0x000001cb4ae9bb90 sp=0x00000040cedf7e70
Event: 16.454 Thread 0x000001cb3776f090 DEOPT UNPACKING pc=0x000001cb4a8b88e2 sp=0x00000040cedf7288 mode 0
Event: 16.467 Thread 0x000001cb3776f090 Uncommon trap: trap_request=0xffffff45 fr.pc=0x000001cb4ae88908 relative=0x0000000000000428
Event: 16.467 Thread 0x000001cb3776f090 Uncommon trap: reason=unstable_if action=reinterpret pc=0x000001cb4ae88908 method=org.jetbrains.org.objectweb.asm.ClassReader.readUtf(II[C)Ljava/lang/String; @ 26 c2
Event: 16.467 Thread 0x000001cb3776f090 DEOPT PACKING pc=0x000001cb4ae88908 sp=0x00000040cedfbb40
Event: 16.467 Thread 0x000001cb3776f090 DEOPT UNPACKING pc=0x000001cb4a8b7da2 sp=0x00000040cedfba08 mode 2
Event: 16.595 Thread 0x000001cb3776f090 Uncommon trap: trap_request=0xffffff45 fr.pc=0x000001cb4ae87048 relative=0x00000000000003e8
Event: 16.595 Thread 0x000001cb3776f090 Uncommon trap: reason=unstable_if action=reinterpret pc=0x000001cb4ae87048 method=org.jetbrains.org.objectweb.asm.ClassReader.readUtf(II[C)Ljava/lang/String; @ 26 c2
Event: 16.595 Thread 0x000001cb3776f090 DEOPT PACKING pc=0x000001cb4ae87048 sp=0x00000040cedfbaf0
Event: 16.595 Thread 0x000001cb3776f090 DEOPT UNPACKING pc=0x000001cb4a8b7da2 sp=0x00000040cedfba18 mode 2

Classes loaded (20 events):
Event: 13.289 Loading class java/util/PrimitiveIterator$OfInt
Event: 13.292 Loading class java/util/PrimitiveIterator
Event: 13.292 Loading class java/util/PrimitiveIterator done
Event: 13.293 Loading class java/util/PrimitiveIterator$OfInt done
Event: 13.301 Loading class java/util/BitSet
Event: 13.301 Loading class java/util/BitSet done
Event: 13.362 Loading class java/io/InvalidObjectException
Event: 13.363 Loading class java/io/InvalidObjectException done
Event: 13.448 Loading class java/util/function/IntUnaryOperator
Event: 13.449 Loading class java/util/function/IntUnaryOperator done
Event: 14.145 Loading class java/util/ArrayList$ListItr
Event: 14.146 Loading class java/util/ArrayList$ListItr done
Event: 15.879 Loading class java/util/PriorityQueue
Event: 15.880 Loading class java/util/PriorityQueue done
Event: 16.453 Loading class java/security/AccessControlException
Event: 16.453 Loading class java/security/AccessControlException done
Event: 16.462 Loading class java/lang/annotation/ElementType
Event: 16.462 Loading class java/lang/annotation/ElementType done
Event: 16.462 Loading class java/lang/Override
Event: 16.463 Loading class java/lang/Override done

Classes unloaded (0 events):
No events

Classes redefined (0 events):
No events

Internal exceptions (20 events):
Event: 5.494 Thread 0x000001cb3776f090 Exception <a 'java/lang/NoSuchMethodError'{0x00000000c67b7870}: 'int java.lang.invoke.DirectMethodHandle$Holder.invokeStaticInit(java.lang.Object, java.lang.Object)'> (0x00000000c67b7870) 
thrown [s\src\hotspot\share\interpreter\linkResolver.cpp, line 774]
Event: 5.594 Thread 0x000001cb3776f090 Exception <a 'java/lang/NoSuchMethodError'{0x00000000c666dea0}: 'int java.lang.invoke.DirectMethodHandle$Holder.invokeStatic(java.lang.Object)'> (0x00000000c666dea0) 
thrown [s\src\hotspot\share\interpreter\linkResolver.cpp, line 774]
Event: 5.631 Thread 0x000001cb3776f090 Exception <a 'java/lang/NoSuchMethodError'{0x00000000c66712d8}: 'int java.lang.invoke.DirectMethodHandle$Holder.invokeStaticInit(java.lang.Object)'> (0x00000000c66712d8) 
thrown [s\src\hotspot\share\interpreter\linkResolver.cpp, line 774]
Event: 5.666 Thread 0x000001cb3776f090 Exception <a 'java/lang/NoSuchMethodError'{0x00000000c6699388}: 'java.lang.Object java.lang.invoke.DirectMethodHandle$Holder.invokeStatic(java.lang.Object, java.lang.Object, int, java.lang.Object, int)'> (0x00000000c6699388) 
thrown [s\src\hotspot\share\interpreter\linkResolver.cpp, line 774]
Event: 5.669 Thread 0x000001cb3776f090 Exception <a 'java/lang/NoSuchMethodError'{0x00000000c669fc28}: 'java.lang.Object java.lang.invoke.DirectMethodHandle$Holder.newInvokeSpecial(java.lang.Object, java.lang.Object, int)'> (0x00000000c669fc28) 
thrown [s\src\hotspot\share\interpreter\linkResolver.cpp, line 774]
Event: 6.120 Thread 0x000001cb3776f090 Exception <a 'java/lang/NoSuchMethodError'{0x00000000c7546480}: 'java.lang.Object java.lang.invoke.DirectMethodHandle$Holder.invokeInterface(java.lang.Object, java.lang.Object)'> (0x00000000c7546480) 
thrown [s\src\hotspot\share\interpreter\linkResolver.cpp, line 774]
Event: 6.303 Thread 0x000001cb3776f090 Exception <a 'java/lang/NoSuchMethodError'{0x00000000c73b85f0}: 'void java.lang.invoke.DirectMethodHandle$Holder.invokeStaticInit(java.lang.Object, java.lang.Object)'> (0x00000000c73b85f0) 
thrown [s\src\hotspot\share\interpreter\linkResolver.cpp, line 774]
Event: 6.416 Thread 0x000001cb3776f090 Exception <a 'java/lang/NoSuchMethodError'{0x00000000c7191150}: 'int java.lang.invoke.DirectMethodHandle$Holder.invokeVirtual(java.lang.Object, java.lang.Object, java.lang.Object)'> (0x00000000c7191150) 
thrown [s\src\hotspot\share\interpreter\linkResolver.cpp, line 774]
Event: 6.503 Thread 0x000001cb3776f090 Exception <a 'java/lang/NoSuchMethodError'{0x00000000c6f69f50}: 'void java.lang.invoke.Invokers$Holder.invokeExact_MT(java.lang.Object, int, java.lang.Object)'> (0x00000000c6f69f50) 
thrown [s\src\hotspot\share\interpreter\linkResolver.cpp, line 774]
Event: 7.013 Thread 0x000001cb3776f090 Exception <a 'java/lang/NoSuchMethodError'{0x00000000c6912050}: 'void java.lang.invoke.DirectMethodHandle$Holder.invokeVirtual(java.lang.Object, java.lang.Object)'> (0x00000000c6912050) 
thrown [s\src\hotspot\share\interpreter\linkResolver.cpp, line 774]
Event: 7.347 Thread 0x000001cb3776f090 Exception <a 'java/lang/NoSuchMethodError'{0x00000000c67747c0}: 'long java.lang.invoke.DirectMethodHandle$Holder.invokeStatic(java.lang.Object, java.lang.Object, int)'> (0x00000000c67747c0) 
thrown [s\src\hotspot\share\interpreter\linkResolver.cpp, line 774]
Event: 7.350 Thread 0x000001cb3776f090 Exception <a 'java/lang/NoSuchMethodError'{0x00000000c677fa28}: 'java.lang.Object java.lang.invoke.DelegatingMethodHandle$Holder.reinvoke_L(java.lang.Object, int, long, java.lang.Object, java.lang.Object, int, java.lang.Object)'> (0x00000000c677fa28) 
thrown [s\src\hotspot\share\interpreter\linkResolver.cpp, line 774]
Event: 7.360 Thread 0x000001cb3776f090 Exception <a 'java/lang/NoSuchMethodError'{0x00000000c67a7060}: 'java.lang.Object java.lang.invoke.DirectMethodHandle$Holder.invokeStatic(java.lang.Object, java.lang.Object, int)'> (0x00000000c67a7060) 
thrown [s\src\hotspot\share\interpreter\linkResolver.cpp, line 774]
Event: 7.361 Thread 0x000001cb3776f090 Exception <a 'java/lang/NoSuchMethodError'{0x00000000c67b5058}: 'void java.lang.invoke.DelegatingMethodHandle$Holder.delegate(java.lang.Object, java.lang.Object, int, java.lang.Object)'> (0x00000000c67b5058) 
thrown [s\src\hotspot\share\interpreter\linkResolver.cpp, line 774]
Event: 7.477 Thread 0x000001cb3776f090 Exception <a 'java/lang/NoSuchMethodError'{0x00000000c663d4f0}: 'java.lang.Object java.lang.invoke.DirectMethodHandle$Holder.invokeStatic(java.lang.Object, java.lang.Object, long, long)'> (0x00000000c663d4f0) 
thrown [s\src\hotspot\share\interpreter\linkResolver.cpp, line 774]
Event: 7.511 Thread 0x000001cb3776f090 Exception <a 'java/lang/NoSuchMethodError'{0x00000000c6667b60}: 'java.lang.Object java.lang.invoke.DirectMethodHandle$Holder.invokeStatic(java.lang.Object, java.lang.Object, java.lang.Object, long, java.lang.Object)'> (0x00000000c6667b60) 
thrown [s\src\hotspot\share\interpreter\linkResolver.cpp, line 774]
Event: 7.512 Thread 0x000001cb3776f090 Exception <a 'java/lang/NoSuchMethodError'{0x00000000c666f340}: 'java.lang.Object java.lang.invoke.DirectMethodHandle$Holder.newInvokeSpecial(java.lang.Object, java.lang.Object, java.lang.Object, long)'> (0x00000000c666f340) 
thrown [s\src\hotspot\share\interpreter\linkResolver.cpp, line 774]
Event: 8.377 Thread 0x000001cb3776f090 Exception <a 'java/lang/NoSuchMethodError'{0x00000000c5ba97f8}: 'java.lang.Object java.lang.invoke.DirectMethodHandle$Holder.newInvokeSpecial(java.lang.Object, java.lang.Object, java.lang.Object, java.lang.Object, java.lang.Object, java.lang.Object, java.lang.Object)'> (0x00000000c5ba97f8) 
thrown [s\src\hotspot\share\interpreter\linkResolver.cpp, line 774]
Event: 12.222 Thread 0x000001cb3776f090 Exception <a 'java/lang/NoSuchMethodError'{0x00000000c476fe98}: 'java.lang.Object java.lang.invoke.DirectMethodHandle$Holder.invokeStatic(java.lang.Object, int, java.lang.Object, java.lang.Object, java.lang.Object, java.lang.Object, java.lang.Object)'> (0x00000000c476fe98) 
thrown [s\src\hotspot\share\interpreter\linkResolver.cpp, line 774]
Event: 13.271 Thread 0x000001cb3776f090 Exception <a 'java/lang/NoSuchMethodError'{0x00000000c525bf00}: 'java.lang.Object java.lang.invoke.DirectMethodHandle$Holder.invokeVirtual(java.lang.Object, java.lang.Object, java.lang.Object)'> (0x00000000c525bf00) 
thrown [s\src\hotspot\share\interpreter\linkResolver.cpp, line 774]

ZGC Phase Switch (0 events):
No events

VM Operations (20 events):
Event: 12.659 Executing VM operation: G1CollectForAllocation (G1 Evacuation Pause)
Event: 12.672 Executing VM operation: G1CollectForAllocation (G1 Evacuation Pause) done
Event: 13.674 Executing VM operation: Cleanup
Event: 13.689 Executing VM operation: Cleanup done
Event: 14.147 Executing VM operation: HandshakeAllThreads (Deoptimize)
Event: 14.147 Executing VM operation: HandshakeAllThreads (Deoptimize) done
Event: 14.178 Executing VM operation: G1CollectForAllocation (G1 Evacuation Pause)
Event: 14.194 Executing VM operation: G1CollectForAllocation (G1 Evacuation Pause) done
Event: 15.209 Executing VM operation: Cleanup
Event: 15.209 Executing VM operation: Cleanup done
Event: 15.346 Executing VM operation: HandshakeAllThreads (Deoptimize)
Event: 15.346 Executing VM operation: HandshakeAllThreads (Deoptimize) done
Event: 16.348 Executing VM operation: Cleanup
Event: 16.348 Executing VM operation: Cleanup done
Event: 16.454 Executing VM operation: HandshakeAllThreads (Deoptimize)
Event: 16.454 Executing VM operation: HandshakeAllThreads (Deoptimize) done
Event: 16.457 Executing VM operation: HandshakeAllThreads (Deoptimize)
Event: 16.457 Executing VM operation: HandshakeAllThreads (Deoptimize) done
Event: 16.482 Executing VM operation: HandshakeAllThreads (Deoptimize)
Event: 16.482 Executing VM operation: HandshakeAllThreads (Deoptimize) done

Memory protections (0 events):
No events

Nmethod flushes (0 events):
No events

Events (11 events):
Event: 0.180 Thread 0x000001cb3776f090 Thread added: 0x000001cb3776f090
Event: 0.393 Thread 0x000001cb3776f090 Thread added: 0x000001cb55a91bb0
Event: 0.394 Thread 0x000001cb3776f090 Thread added: 0x000001cb55a94ad0
Event: 0.395 Thread 0x000001cb3776f090 Thread added: 0x000001cb55a958e0
Event: 0.395 Thread 0x000001cb3776f090 Thread added: 0x000001cb55a966f0
Event: 0.396 Thread 0x000001cb3776f090 Thread added: 0x000001cb55a98250
Event: 0.396 Thread 0x000001cb3776f090 Thread added: 0x000001cb55a98da0
Event: 0.396 Thread 0x000001cb3776f090 Thread added: 0x000001cb55a99c20
Event: 0.473 Thread 0x000001cb3776f090 Thread added: 0x000001cb55ac7f20
Event: 0.858 Thread 0x000001cb3776f090 Thread added: 0x000001cb9b0987c0
Event: 0.863 Thread 0x000001cb3776f090 Thread added: 0x000001cb9b09c660


Dynamic libraries:
0x00007ff748e60000 - 0x00007ff748e6e000 	C:\Program Files\OpenLogic\jdk-22.0.2.9-hotspot\bin\java.exe
0x00007ffb5c1f0000 - 0x00007ffb5c3e8000 	C:\Windows\SYSTEM32\ntdll.dll
0x00007ffb5b8f0000 - 0x00007ffb5b9b2000 	C:\Windows\System32\KERNEL32.DLL
0x00007ffb59ba0000 - 0x00007ffb59e96000 	C:\Windows\System32\KERNELBASE.dll
0x00007ffb59f30000 - 0x00007ffb5a030000 	C:\Windows\System32\ucrtbase.dll
0x00007ffb49ed0000 - 0x00007ffb49eeb000 	C:\Program Files\OpenLogic\jdk-22.0.2.9-hotspot\bin\VCRUNTIME140.dll
0x00007ffb49eb0000 - 0x00007ffb49ec7000 	C:\Program Files\OpenLogic\jdk-22.0.2.9-hotspot\bin\jli.dll
0x00007ffb5b740000 - 0x00007ffb5b8e1000 	C:\Windows\System32\USER32.dll
0x00007ffb59ac0000 - 0x00007ffb59ae2000 	C:\Windows\System32\win32u.dll
0x00007ffb5c170000 - 0x00007ffb5c19b000 	C:\Windows\System32\GDI32.dll
0x00007ffb59880000 - 0x00007ffb59999000 	C:\Windows\System32\gdi32full.dll
0x00007ffb599a0000 - 0x00007ffb59a3d000 	C:\Windows\System32\msvcp_win.dll
0x00007ffb47660000 - 0x00007ffb478fb000 	C:\Windows\WinSxS\amd64_microsoft.windows.common-controls_6595b64144ccf1df_6.0.19041.6456_none_60b8a6cb71f64256\COMCTL32.dll
0x00007ffb5a520000 - 0x00007ffb5a5be000 	C:\Windows\System32\msvcrt.dll
0x00007ffb5c140000 - 0x00007ffb5c16f000 	C:\Windows\System32\IMM32.DLL
0x00007ffb4ef10000 - 0x00007ffb4ef1c000 	C:\Program Files\OpenLogic\jdk-22.0.2.9-hotspot\bin\vcruntime140_1.dll
0x00007ffaf39e0000 - 0x00007ffaf3a6d000 	C:\Program Files\OpenLogic\jdk-22.0.2.9-hotspot\bin\msvcp140.dll
0x00007ffaacf00000 - 0x00007ffaadcd0000 	C:\Program Files\OpenLogic\jdk-22.0.2.9-hotspot\bin\server\jvm.dll
0x00007ffb5af10000 - 0x00007ffb5afc1000 	C:\Windows\System32\ADVAPI32.dll
0x00007ffb5bb00000 - 0x00007ffb5bb9f000 	C:\Windows\System32\sechost.dll
0x00007ffb5a980000 - 0x00007ffb5aaa0000 	C:\Windows\System32\RPCRT4.dll
0x00007ffb5a190000 - 0x00007ffb5a1b7000 	C:\Windows\System32\bcrypt.dll
0x00007ffb5a4b0000 - 0x00007ffb5a51b000 	C:\Windows\System32\WS2_32.dll
0x00007ffb596e0000 - 0x00007ffb5972b000 	C:\Windows\SYSTEM32\POWRPROF.dll
0x00007ffb43ac0000 - 0x00007ffb43ae7000 	C:\Windows\SYSTEM32\WINMM.dll
0x00007ffb52b00000 - 0x00007ffb52b0a000 	C:\Windows\SYSTEM32\VERSION.dll
0x00007ffb596c0000 - 0x00007ffb596d2000 	C:\Windows\SYSTEM32\UMPDC.dll
0x00007ffb58050000 - 0x00007ffb58062000 	C:\Windows\SYSTEM32\kernel.appcore.dll
0x00007ffb4eef0000 - 0x00007ffb4eefa000 	C:\Program Files\OpenLogic\jdk-22.0.2.9-hotspot\bin\jimage.dll
0x00007ffb57420000 - 0x00007ffb57621000 	C:\Windows\SYSTEM32\DBGHELP.DLL
0x00007ffb3e400000 - 0x00007ffb3e434000 	C:\Windows\SYSTEM32\dbgcore.DLL
0x00007ffb59ea0000 - 0x00007ffb59f22000 	C:\Windows\System32\bcryptPrimitives.dll
0x00007ffb49e90000 - 0x00007ffb49eae000 	C:\Program Files\OpenLogic\jdk-22.0.2.9-hotspot\bin\java.dll
0x00007ffb5afd0000 - 0x00007ffb5b740000 	C:\Windows\System32\SHELL32.dll
0x00007ffb5a6a0000 - 0x00007ffb5a7cb000 	C:\Windows\System32\ole32.dll
0x00007ffb5bbc0000 - 0x00007ffb5bf14000 	C:\Windows\System32\combase.dll
0x00007ffb57890000 - 0x00007ffb58035000 	C:\Windows\SYSTEM32\windows.storage.dll
0x00007ffb591d0000 - 0x00007ffb591fb000 	C:\Windows\SYSTEM32\Wldp.dll
0x00007ffb5a3e0000 - 0x00007ffb5a4ad000 	C:\Windows\System32\OLEAUT32.dll
0x00007ffb5c090000 - 0x00007ffb5c13d000 	C:\Windows\System32\SHCORE.dll
0x00007ffb5a5c0000 - 0x00007ffb5a61b000 	C:\Windows\System32\shlwapi.dll
0x00007ffb597b0000 - 0x00007ffb597d4000 	C:\Windows\SYSTEM32\profapi.dll
0x00007ffaf1440000 - 0x00007ffaf1516000 	C:\Program Files\OpenLogic\jdk-22.0.2.9-hotspot\bin\jsvml.dll
0x00007ffb49f20000 - 0x00007ffb49f30000 	C:\Program Files\OpenLogic\jdk-22.0.2.9-hotspot\bin\net.dll
0x00007ffb58ee0000 - 0x00007ffb58f4a000 	C:\Windows\system32\mswsock.dll
0x00007ffb49e70000 - 0x00007ffb49e86000 	C:\Program Files\OpenLogic\jdk-22.0.2.9-hotspot\bin\nio.dll
0x00007ffb495b0000 - 0x00007ffb495c7000 	C:\Program Files\OpenLogic\jdk-22.0.2.9-hotspot\bin\zip.dll
0x00007ffb49590000 - 0x00007ffb495a0000 	C:\Program Files\OpenLogic\jdk-22.0.2.9-hotspot\bin\verify.dll

dbghelp: loaded successfully - version: 4.0.5 - missing functions: none
symbol engine: initialized successfully - sym options: 0x614 - pdb path: .;C:\Program Files\OpenLogic\jdk-22.0.2.9-hotspot\bin;C:\Windows\SYSTEM32;C:\Windows\WinSxS\amd64_microsoft.windows.common-controls_6595b64144ccf1df_6.0.19041.6456_none_60b8a6cb71f64256;C:\Program Files\OpenLogic\jdk-22.0.2.9-hotspot\bin\server

VM Arguments:
java_command: org.jetbrains.kotlin.cli.jvm.K2JVMCompiler @C:\Users\DELL\Desktop\shadowtrace\mobile-app\node_modules\expo-modules-autolinking\android\expo-gradle-plugin\expo-autolinking-plugin-shared\build\20260302_14625474731389638892.compiler.options
java_class_path (initial): C:\Users\DELL\.gradle\caches\modules-2\files-2.1\org.jetbrains.kotlin\kotlin-compiler-embeddable\2.1.20\4ef56b3316798316bfac7a0ae443391c9e900ea1\kotlin-compiler-embeddable-2.1.20.jar;C:\Users\DELL\.gradle\caches\modules-2\files-2.1\org.jetbrains.kotlin\kotlin-stdlib\2.1.20\aa8ca79cd50578314f6d1180c47cbe14c0fee567\kotlin-stdlib-2.1.20.jar;C:\Users\DELL\.gradle\caches\modules-2\files-2.1\org.jetbrains.kotlin\kotlin-script-runtime\2.1.20\f7c623d7f7bdb01f5ccd6b437bc0a937fcd7c57e\kotlin-script-runtime-2.1.20.jar;C:\Users\DELL\.gradle\caches\modules-2\files-2.1\org.jetbrains.kotlin\kotlin-reflect\1.6.10\1cbe9c92c12a94eea200d23c2bbaedaf3daf5132\kotlin-reflect-1.6.10.jar;C:\Users\DELL\.gradle\caches\modules-2\files-2.1\org.jetbrains.kotlin\kotlin-daemon-embeddable\2.1.20\95670fce77befd02a70a0bc3abe8ee4533521334\kotlin-daemon-embeddable-2.1.20.jar;C:\Users\DELL\.gradle\caches\modules-2\files-2.1\org.jetbrains.intellij.deps\trove4j\1.0.20200330\3afb14d5f9ceb459d724e907a21145e8ff394f02\trove4j-1.0.20200330.jar;C:\Users\DELL\.gradle\caches\modules-2\files-2.1\org.jetbrains.kotlinx\kotlinx-coroutines-core-jvm\1.8.0\ac1dc37a30a93150b704022f8d895ee1bd3a36b3\kotlinx-coroutines-core-jvm-1.8.0.jar;C:\Users\DELL\.gradle\caches\modules-2\files-2.1\org.jetbrains\annotations\13.0\919f0dfe192fb4e063e7dacadee7f8bb9a2672a9\annotations-13.0.jar
Launcher Type: SUN_STANDARD

[Global flags]
     intx CICompilerCount                          = 3                                         {product} {ergonomic}
     uint ConcGCThreads                            = 1                                         {product} {ergonomic}
     uint G1ConcRefinementThreads                  = 4                                         {product} {ergonomic}
   size_t G1HeapRegionSize                         = 1048576                                   {product} {ergonomic}
   size_t InitialHeapSize                          = 65011712                                  {product} {ergonomic}
   size_t MarkStackSize                            = 4194304                                   {product} {ergonomic}
   size_t MaxHeapSize                              = 1012924416                                {product} {ergonomic}
   size_t MaxNewSize                               = 607125504                                 {product} {ergonomic}
   size_t MinHeapDeltaBytes                        = 1048576                                   {product} {ergonomic}
   size_t MinHeapSize                              = 8388608                                   {product} {ergonomic}
    uintx NonNMethodCodeHeapSize                   = 5832780                                {pd product} {ergonomic}
    uintx NonProfiledCodeHeapSize                  = 122912730                              {pd product} {ergonomic}
    uintx ProfiledCodeHeapSize                     = 122912730                              {pd product} {ergonomic}
    uintx ReservedCodeCacheSize                    = 251658240                              {pd product} {ergonomic}
     bool SegmentedCodeCache                       = true                                      {product} {ergonomic}
   size_t SoftMaxHeapSize                          = 1012924416                             {manageable} {ergonomic}
     bool UseCompressedOops                        = true                           {product lp64_product} {ergonomic}
     bool UseG1GC                                  = true                                      {product} {ergonomic}
     bool UseLargePagesIndividualAllocation        = false                                  {pd product} {ergonomic}

Logging:
Log output configuration:
 #0: stdout all=warning uptime,level,tags foldmultilines=false
 #1: stderr all=off uptime,level,tags foldmultilines=false

Environment Variables:
PATH=C:\Program Files\OpenLogic\jdk-22.0.2.9-hotspot\bin;C:\Windows\system32;C:\Windows;C:\Windows\System32\Wbem;C:\Windows\System32\WindowsPowerShell\v1.0\;C:\Windows\System32\OpenSSH\;C:\Program Files\dotnet\;C:\MinGW\bin;C:\Program Files\Git\cmd;C:\Users\DELL\AppData\Roaming\nvm;C:\Program Files\nodejs;C:\ProgramData\chocolatey\bin;C:\Program Files\nodejs\;C:\Users\DELL\AppData\Local\Programs\Python\Python313\Scripts;C:\Users\DELL\AppData\Local\Programs\Python\Python313\;C:\platform-tools;C:\MinGW\bin;C:\MinGW\bin;C:\Program Files\MySQL\MySQL Server 8.0\bin;C:\Users\DELL\AppData\Local\Programs\Python\Python310\Scripts\;C:\Users\DELL\AppData\Local\Programs\Python\Python310\;C:\Users\DELL\AppData\Local\Programs\Python\Python313\Scripts\;C:\Users\DELL\AppData\Local\Programs\Python\Python313\;C:\Users\DELL\AppData\Local\Programs\Python\Launcher\;C:\Users\DELL\AppData\Local\Microsoft\WindowsApps;C:\Users\DELL\AppData\Local\Programs\Microsoft VS Code\bin;C:\Users\DELL\AppData\Roaming\nvm;C:\Program Files\nodejs;C:\Users\DELL\AppData\Roaming\npm;C:\Program Files\heroku\bin;C:\Users\DELL\.dotnet\tools;C:\Users\DELL\Downloads\x64;C:\Users\DELL\AppData\Local\Programs\Python\Python310\;C:\Users\DELL\AppData\Local\Programs\Antigravity\bin
USERNAME=DELL
OS=Windows_NT
PROCESSOR_IDENTIFIER=Intel64 Family 6 Model 126 Stepping 5, GenuineIntel
TMP=C:\Users\DELL\AppData\Local\Temp
TEMP=C:\Users\DELL\AppData\Local\Temp




Periodic native trim disabled

---------------  S Y S T E M  ---------------

OS:
 Windows 10 , 64 bit Build 19041 (10.0.19041.5915)
OS uptime: 5 days 0:16 hours
Hyper-V role detected

CPU: total 4 (initial active 4) (2 cores per cpu, 2 threads per core) family 6 model 126 stepping 5 microcode 0xca, cx8, cmov, fxsr, ht, mmx, 3dnowpref, sse, sse2, sse3, ssse3, sse4.1, sse4.2, popcnt, lzcnt, tsc, tscinvbit, avx, avx2, aes, erms, clmul, bmi1, bmi2, adx, avx512f, avx512dq, avx512cd, avx512bw, avx512vl, sha, fma, vzeroupper, avx512_vpopcntdq, avx512_vpclmulqdq, avx512_vaes, avx512_vnni, clflush, clflushopt, avx512_vbmi2, avx512_vbmi, hv, rdtscp, rdpid, fsrm, gfni, avx512_bitalg, f16c, avx512_ifma
Processor Information for all 4 processors :
  Max Mhz: 1190, Current Mhz: 1190, Mhz Limit: 1190

Memory: 4k page, system-wide physical 3862M (65M free)
TotalPageFile size 15638M (AvailPageFile size 4M)
current process WorkingSet (physical memory assigned to process): 139M, peak: 146M
current process commit charge ("private bytes"): 186M, peak: 198M

vm_info: OpenJDK 64-Bit Server VM (22.0.2+9-adhoc.Administrator.jdk22u) for windows-amd64 JRE (22.0.2+9-adhoc.Administrator.jdk22u), built on 2024-10-10T20:22:04Z by "Administrator" with MS VC++ 16.10 / 16.11 (VS2019)

END.
