#
# There is insufficient memory for the Java Runtime Environment to continue.
# Native memory allocation (malloc) failed to allocate 131088 bytes. Error detail: Chunk::new
# Possible reasons:
#   The system is out of physical RAM or swap space
#   This process is running with CompressedOops enabled, and the Java Heap may be blocking the growth of the native heap
# Possible solutions:
#   Reduce memory load on the system
#   Increase physical memory or swap space
#   Check if swap backing store is full
#   Decrease Java heap size (-Xmx/-Xms)
#   Decrease number of Java threads
#   Decrease Java thread stack sizes (-Xss)
#   Set larger code cache with -XX:ReservedCodeCacheSize=
#   JVM is running with Unscaled Compressed Oops mode in which the Java heap is
#     placed in the first 4GB address space. The Java Heap base address is the
#     maximum limit for the native heap growth. Please use -XX:HeapBaseMinAddress
#     to set the Java Heap base and to place the Java Heap above 4GB virtual address.
# This output file may be truncated or incomplete.
#
#  Out of Memory Error (arena.cpp:150), pid=15304, tid=2724
#
# JRE version: OpenJDK Runtime Environment OpenLogic-OpenJDK (22.0.2+9) (build 22.0.2+9-adhoc.Administrator.jdk22u)
# Java VM: OpenJDK 64-Bit Server VM OpenLogic-OpenJDK (22.0.2+9-adhoc.Administrator.jdk22u, mixed mode, sharing, tiered, compressed oops, compressed class ptrs, g1 gc, windows-amd64)
# No core dump will be written. Minidumps are not enabled by default on client versions of Windows
#

---------------  S U M M A R Y ------------

Command Line: org.jetbrains.kotlin.cli.jvm.K2JVMCompiler @C:\Users\DELL\Desktop\shadowtrace\mobile-app\node_modules\@react-native\gradle-plugin\shared\build\20260302_16594978721379499855.compiler.options

Host: Intel(R) Core(TM) i3-1005G1 CPU @ 1.20GHz, 4 cores, 3G,  Windows 10 , 64 bit Build 19041 (10.0.19041.5915)
Time: Mon Mar  2 21:06:38 2026 India Standard Time elapsed time: 19.237995 seconds (0d 0h 0m 19s)

---------------  T H R E A D  ---------------

Current thread (0x0000017b5889c260):  JavaThread "C2 CompilerThread0" daemon [_thread_in_native, id=2724, stack(0x00000005da800000,0x00000005da900000) (1024K)]


Current CompileTask:
C2:19238 6062   !   4       jdk.internal.loader.BuiltinClassLoader::loadClassOrNull (143 bytes)

Stack: [0x00000005da800000,0x00000005da900000]
Native frames: (J=compiled Java code, j=interpreted, Vv=VM code, C=native code)
V  [jvm.dll+0x6f7a89]  (no source info available)
V  [jvm.dll+0x8dbfe5]  (no source info available)
V  [jvm.dll+0x8de24e]  (no source info available)
V  [jvm.dll+0x8de933]  (no source info available)
V  [jvm.dll+0x28d206]  (no source info available)
V  [jvm.dll+0xc500f]  (no source info available)
V  [jvm.dll+0xc53fb]  (no source info available)
V  [jvm.dll+0xc4ebb]  (no source info available)
V  [jvm.dll+0x6d241c]  (no source info available)
V  [jvm.dll+0x67e945]  (no source info available)
V  [jvm.dll+0x67eba4]  (no source info available)
V  [jvm.dll+0x67e7dc]  (no source info available)
V  [jvm.dll+0x67eba4]  (no source info available)
V  [jvm.dll+0x67e7dc]  (no source info available)
V  [jvm.dll+0x6848eb]  (no source info available)
V  [jvm.dll+0x6857f5]  (no source info available)
V  [jvm.dll+0x683b91]  (no source info available)
V  [jvm.dll+0x253d1f]  (no source info available)
V  [jvm.dll+0x2536c1]  (no source info available)
V  [jvm.dll+0x1cee1a]  (no source info available)
V  [jvm.dll+0x263205]  (no source info available)
V  [jvm.dll+0x2614cb]  (no source info available)
V  [jvm.dll+0x407326]  (no source info available)
V  [jvm.dll+0x883518]  (no source info available)
V  [jvm.dll+0x6f6295]  (no source info available)
C  [ucrtbase.dll+0x21bb2]  (no source info available)
C  [KERNEL32.DLL+0x17374]  (no source info available)
C  [ntdll.dll+0x4cc91]  (no source info available)


---------------  P R O C E S S  ---------------

Threads class SMR info:
_java_thread_list=0x0000017b58ad0200, length=11, elements={
0x0000017b3c763930, 0x0000017b5888fd70, 0x0000017b58890f30, 0x0000017b58893f00,
0x0000017b58894d10, 0x0000017b58898880, 0x0000017b588993d0, 0x0000017b5889c260,
0x0000017b588a0c60, 0x0000017b58afd160, 0x0000017b58b05410
}

Java Threads: ( => current thread )
  0x0000017b3c763930 JavaThread "main"                              [_thread_in_vm, id=24300, stack(0x00000005d9a00000,0x00000005d9b00000) (1024K)]
  0x0000017b5888fd70 JavaThread "Reference Handler"          daemon [_thread_blocked, id=20452, stack(0x00000005da200000,0x00000005da300000) (1024K)]
  0x0000017b58890f30 JavaThread "Finalizer"                  daemon [_thread_blocked, id=21616, stack(0x00000005da300000,0x00000005da400000) (1024K)]
  0x0000017b58893f00 JavaThread "Signal Dispatcher"          daemon [_thread_blocked, id=6004, stack(0x00000005da400000,0x00000005da500000) (1024K)]
  0x0000017b58894d10 JavaThread "Attach Listener"            daemon [_thread_blocked, id=18600, stack(0x00000005da500000,0x00000005da600000) (1024K)]
  0x0000017b58898880 JavaThread "Service Thread"             daemon [_thread_blocked, id=4920, stack(0x00000005da600000,0x00000005da700000) (1024K)]
  0x0000017b588993d0 JavaThread "Monitor Deflation Thread"   daemon [_thread_blocked, id=20492, stack(0x00000005da700000,0x00000005da800000) (1024K)]
=>0x0000017b5889c260 JavaThread "C2 CompilerThread0"         daemon [_thread_in_native, id=2724, stack(0x00000005da800000,0x00000005da900000) (1024K)]
  0x0000017b588a0c60 JavaThread "C1 CompilerThread0"         daemon [_thread_in_native, id=20252, stack(0x00000005da900000,0x00000005daa00000) (1024K)]
  0x0000017b58afd160 JavaThread "Notification Thread"        daemon [_thread_blocked, id=15580, stack(0x00000005daa00000,0x00000005dab00000) (1024K)]
  0x0000017b58b05410 JavaThread "Common-Cleaner"             daemon [_thread_blocked, id=23548, stack(0x00000005dab00000,0x00000005dac00000) (1024K)]
Total: 11

Other Threads:
  0x0000017b3c8208e0 VMThread "VM Thread"                           [id=1224, stack(0x00000005da100000,0x00000005da200000) (1024K)]
  0x0000017b5887d230 WatcherThread "VM Periodic Task Thread"        [id=15288, stack(0x00000005da000000,0x00000005da100000) (1024K)]
  0x0000017b3c79c5a0 WorkerThread "GC Thread#0"                     [id=19424, stack(0x00000005d9b00000,0x00000005d9c00000) (1024K)]
  0x0000017b9e11cbe0 WorkerThread "GC Thread#1"                     [id=18712, stack(0x00000005dac00000,0x00000005dad00000) (1024K)]
  0x0000017b9e16dfb0 WorkerThread "GC Thread#2"                     [id=25132, stack(0x00000005dad00000,0x00000005dae00000) (1024K)]
  0x0000017b9e16e360 WorkerThread "GC Thread#3"                     [id=16048, stack(0x00000005dae00000,0x00000005daf00000) (1024K)]
  0x0000017b3c7a57a0 ConcurrentGCThread "G1 Main Marker"            [id=25516, stack(0x00000005d9c00000,0x00000005d9d00000) (1024K)]
  0x0000017b3c7a62b0 WorkerThread "G1 Conc#0"                       [id=24256, stack(0x00000005d9d00000,0x00000005d9e00000) (1024K)]
  0x0000017b3c7ffac0 ConcurrentGCThread "G1 Refine#0"               [id=19448, stack(0x00000005d9e00000,0x00000005d9f00000) (1024K)]
  0x0000017b3c8007f0 ConcurrentGCThread "G1 Service"                [id=21288, stack(0x00000005d9f00000,0x00000005da000000) (1024K)]
Total: 10

Threads with active compile tasks:
C2 CompilerThread0  19424 6062   !   4       jdk.internal.loader.BuiltinClassLoader::loadClassOrNull (143 bytes)
Total: 1

VM state: not at safepoint (normal execution)

VM Mutex/Monitor currently owned by a thread: None

Heap address: 0x00000000c3a00000, size: 966 MB, Compressed Oops mode: 32-bit

CDS archive(s) mapped at: [0x0000017b59000000-0x0000017b59c60000-0x0000017b59c60000), size 12976128, SharedBaseAddress: 0x0000017b59000000, ArchiveRelocationMode: 1.
Compressed class space mapped at: 0x0000017b5a000000-0x0000017b9a000000, reserved size: 1073741824
Narrow klass base: 0x0000017b59000000, Narrow klass shift: 0, Narrow klass range: 0x41000000

GC Precious Log:
 CardTable entry size: 512
 Card Set container configuration: InlinePtr #cards 5 size 8 Array Of Cards #cards 12 size 40 Howl #buckets 4 coarsen threshold 1843 Howl Bitmap #cards 512 size 80 coarsen threshold 460 Card regions per heap region 1 cards per card region 2048
 CPUs: 4 total, 4 available
 Memory: 3862M
 Large Page Support: Disabled
 NUMA Support: Disabled
 Compressed Oops: Enabled (32-bit)
 Heap Region Size: 1M
 Heap Min Capacity: 8M
 Heap Initial Capacity: 62M
 Heap Max Capacity: 966M
 Pre-touch: Disabled
 Parallel Workers: 4
 Concurrent Workers: 1
 Concurrent Refinement Workers: 4
 Periodic GC: Disabled

Heap:
 garbage-first heap   total reserved 989184K, committed 70656K, used 45258K [0x00000000c3a00000, 0x0000000100000000)
  region size 1024K, 7 young (7168K), 2 survivors (2048K)
 Metaspace       used 51049K, committed 51392K, reserved 1114112K
  class space    used 5944K, committed 6080K, reserved 1048576K

Heap Regions: E=young(eden), S=young(survivor), O=old, HS=humongous(starts), HC=humongous(continues), CS=collection set, F=free, TAMS=top-at-mark-start, PB=parsable bottom
|   0|0x00000000c3a00000, 0x00000000c3b00000, 0x00000000c3b00000|100%|HS|  |TAMS 0x00000000c3a00000| PB 0x00000000c3a00000| Complete |  0
|   1|0x00000000c3b00000, 0x00000000c3c00000, 0x00000000c3c00000|100%|HC|  |TAMS 0x00000000c3b00000| PB 0x00000000c3b00000| Complete |  0
|   2|0x00000000c3c00000, 0x00000000c3d00000, 0x00000000c3d00000|100%|HC|  |TAMS 0x00000000c3c00000| PB 0x00000000c3c00000| Complete |  0
|   3|0x00000000c3d00000, 0x00000000c3e00000, 0x00000000c3e00000|100%| O|  |TAMS 0x00000000c3d00000| PB 0x00000000c3d00000| Untracked |  0
|   4|0x00000000c3e00000, 0x00000000c3f00000, 0x00000000c3f00000|100%| O|  |TAMS 0x00000000c3e00000| PB 0x00000000c3e00000| Untracked |  0
|   5|0x00000000c3f00000, 0x00000000c4000000, 0x00000000c4000000|100%| O|  |TAMS 0x00000000c3f00000| PB 0x00000000c3f00000| Untracked |  0
|   6|0x00000000c4000000, 0x00000000c4100000, 0x00000000c4100000|100%| O|  |TAMS 0x00000000c4000000| PB 0x00000000c4000000| Untracked |  0
|   7|0x00000000c4100000, 0x00000000c4200000, 0x00000000c4200000|100%| O|  |TAMS 0x00000000c4100000| PB 0x00000000c4100000| Untracked |  0
|   8|0x00000000c4200000, 0x00000000c4300000, 0x00000000c4300000|100%| O|  |TAMS 0x00000000c4200000| PB 0x00000000c4200000| Untracked |  0
|   9|0x00000000c4300000, 0x00000000c4400000, 0x00000000c4400000|100%| O|  |TAMS 0x00000000c4300000| PB 0x00000000c4300000| Untracked |  0
|  10|0x00000000c4400000, 0x00000000c4500000, 0x00000000c4500000|100%| O|  |TAMS 0x00000000c4400000| PB 0x00000000c4400000| Untracked |  0
|  11|0x00000000c4500000, 0x00000000c4600000, 0x00000000c4600000|100%| O|  |TAMS 0x00000000c4500000| PB 0x00000000c4500000| Untracked |  0
|  12|0x00000000c4600000, 0x00000000c4700000, 0x00000000c4700000|100%| O|  |TAMS 0x00000000c4600000| PB 0x00000000c4600000| Untracked |  0
|  13|0x00000000c4700000, 0x00000000c4800000, 0x00000000c4800000|100%| O|  |TAMS 0x00000000c4700000| PB 0x00000000c4700000| Untracked |  0
|  14|0x00000000c4800000, 0x00000000c4900000, 0x00000000c4900000|100%| O|  |TAMS 0x00000000c4800000| PB 0x00000000c4800000| Untracked |  0
|  15|0x00000000c4900000, 0x00000000c4a00000, 0x00000000c4a00000|100%| O|  |TAMS 0x00000000c4900000| PB 0x00000000c4900000| Untracked |  0
|  16|0x00000000c4a00000, 0x00000000c4b00000, 0x00000000c4b00000|100%| O|  |TAMS 0x00000000c4a00000| PB 0x00000000c4a00000| Untracked |  0
|  17|0x00000000c4b00000, 0x00000000c4bdeea8, 0x00000000c4c00000| 87%| O|  |TAMS 0x00000000c4b00000| PB 0x00000000c4b00000| Untracked |  0
|  18|0x00000000c4c00000, 0x00000000c4d00000, 0x00000000c4d00000|100%| O|  |TAMS 0x00000000c4c00000| PB 0x00000000c4c00000| Untracked |  0
|  19|0x00000000c4d00000, 0x00000000c4e00000, 0x00000000c4e00000|100%| O|Cm|TAMS 0x00000000c4d00000| PB 0x00000000c4d00000| Complete |  0
|  20|0x00000000c4e00000, 0x00000000c4f00000, 0x00000000c4f00000|100%| O|  |TAMS 0x00000000c4e00000| PB 0x00000000c4e00000| Untracked |  0
|  21|0x00000000c4f00000, 0x00000000c5000000, 0x00000000c5000000|100%| O|  |TAMS 0x00000000c4f00000| PB 0x00000000c4f00000| Untracked |  0
|  22|0x00000000c5000000, 0x00000000c5100000, 0x00000000c5100000|100%| O|  |TAMS 0x00000000c5000000| PB 0x00000000c5000000| Untracked |  0
|  23|0x00000000c5100000, 0x00000000c5200000, 0x00000000c5200000|100%| O|  |TAMS 0x00000000c5100000| PB 0x00000000c5100000| Untracked |  0
|  24|0x00000000c5200000, 0x00000000c5300000, 0x00000000c5300000|100%| O|  |TAMS 0x00000000c5200000| PB 0x00000000c5200000| Untracked |  0
|  25|0x00000000c5300000, 0x00000000c5400000, 0x00000000c5400000|100%| O|  |TAMS 0x00000000c5300000| PB 0x00000000c5300000| Untracked |  0
|  26|0x00000000c5400000, 0x00000000c5500000, 0x00000000c5500000|100%| O|  |TAMS 0x00000000c5400000| PB 0x00000000c5400000| Untracked |  0
|  27|0x00000000c5500000, 0x00000000c5600000, 0x00000000c5600000|100%| O|  |TAMS 0x00000000c5500000| PB 0x00000000c5500000| Untracked |  0
|  28|0x00000000c5600000, 0x00000000c5700000, 0x00000000c5700000|100%| O|  |TAMS 0x00000000c5600000| PB 0x00000000c5600000| Untracked |  0
|  29|0x00000000c5700000, 0x00000000c5800000, 0x00000000c5800000|100%| O|  |TAMS 0x00000000c5700000| PB 0x00000000c5700000| Untracked |  0
|  30|0x00000000c5800000, 0x00000000c5900000, 0x00000000c5900000|100%| O|Cm|TAMS 0x00000000c5800000| PB 0x00000000c5800000| Complete |  0
|  31|0x00000000c5900000, 0x00000000c5a00000, 0x00000000c5a00000|100%| O|  |TAMS 0x00000000c5900000| PB 0x00000000c5900000| Untracked |  0
|  32|0x00000000c5a00000, 0x00000000c5b00000, 0x00000000c5b00000|100%| O|  |TAMS 0x00000000c5a00000| PB 0x00000000c5a00000| Untracked |  0
|  33|0x00000000c5b00000, 0x00000000c5c00000, 0x00000000c5c00000|100%| O|  |TAMS 0x00000000c5b00000| PB 0x00000000c5b00000| Untracked |  0
|  34|0x00000000c5c00000, 0x00000000c5d00000, 0x00000000c5d00000|100%| O|  |TAMS 0x00000000c5c00000| PB 0x00000000c5c00000| Untracked |  0
|  35|0x00000000c5d00000, 0x00000000c5e00000, 0x00000000c5e00000|100%| O|  |TAMS 0x00000000c5d00000| PB 0x00000000c5d00000| Untracked |  0
|  36|0x00000000c5e00000, 0x00000000c5e00000, 0x00000000c5f00000|  0%| F|  |TAMS 0x00000000c5e00000| PB 0x00000000c5e00000| Untracked |  0
|  37|0x00000000c5f00000, 0x00000000c5f00000, 0x00000000c6000000|  0%| F|  |TAMS 0x00000000c5f00000| PB 0x00000000c5f00000| Untracked |  0
|  38|0x00000000c6000000, 0x00000000c6000000, 0x00000000c6100000|  0%| F|  |TAMS 0x00000000c6000000| PB 0x00000000c6000000| Untracked |  0
|  39|0x00000000c6100000, 0x00000000c6100000, 0x00000000c6200000|  0%| F|  |TAMS 0x00000000c6100000| PB 0x00000000c6100000| Untracked |  0
|  40|0x00000000c6200000, 0x00000000c6200000, 0x00000000c6300000|  0%| F|  |TAMS 0x00000000c6200000| PB 0x00000000c6200000| Untracked |  0
|  41|0x00000000c6300000, 0x00000000c6353c00, 0x00000000c6400000| 32%| S|CS|TAMS 0x00000000c6300000| PB 0x00000000c6300000| Complete |  0
|  42|0x00000000c6400000, 0x00000000c6400000, 0x00000000c6500000|  0%| F|  |TAMS 0x00000000c6400000| PB 0x00000000c6400000| Untracked |  0
|  43|0x00000000c6500000, 0x00000000c6600000, 0x00000000c6600000|100%| S|CS|TAMS 0x00000000c6500000| PB 0x00000000c6500000| Complete |  0
|  44|0x00000000c6600000, 0x00000000c6600000, 0x00000000c6700000|  0%| F|  |TAMS 0x00000000c6600000| PB 0x00000000c6600000| Untracked |  0
|  45|0x00000000c6700000, 0x00000000c6700000, 0x00000000c6800000|  0%| F|  |TAMS 0x00000000c6700000| PB 0x00000000c6700000| Untracked |  0
|  46|0x00000000c6800000, 0x00000000c6800000, 0x00000000c6900000|  0%| F|  |TAMS 0x00000000c6800000| PB 0x00000000c6800000| Untracked |  0
|  47|0x00000000c6900000, 0x00000000c6900000, 0x00000000c6a00000|  0%| F|  |TAMS 0x00000000c6900000| PB 0x00000000c6900000| Untracked |  0
|  48|0x00000000c6a00000, 0x00000000c6a00000, 0x00000000c6b00000|  0%| F|  |TAMS 0x00000000c6a00000| PB 0x00000000c6a00000| Untracked |  0
|  49|0x00000000c6b00000, 0x00000000c6b00000, 0x00000000c6c00000|  0%| F|  |TAMS 0x00000000c6b00000| PB 0x00000000c6b00000| Untracked |  0
|  50|0x00000000c6c00000, 0x00000000c6c00000, 0x00000000c6d00000|  0%| F|  |TAMS 0x00000000c6c00000| PB 0x00000000c6c00000| Untracked |  0
|  51|0x00000000c6d00000, 0x00000000c6d00000, 0x00000000c6e00000|  0%| F|  |TAMS 0x00000000c6d00000| PB 0x00000000c6d00000| Untracked |  0
|  52|0x00000000c6e00000, 0x00000000c6e00000, 0x00000000c6f00000|  0%| F|  |TAMS 0x00000000c6e00000| PB 0x00000000c6e00000| Untracked |  0
|  53|0x00000000c6f00000, 0x00000000c6f00000, 0x00000000c7000000|  0%| F|  |TAMS 0x00000000c6f00000| PB 0x00000000c6f00000| Untracked |  0
|  54|0x00000000c7000000, 0x00000000c7000000, 0x00000000c7100000|  0%| F|  |TAMS 0x00000000c7000000| PB 0x00000000c7000000| Untracked |  0
|  55|0x00000000c7100000, 0x00000000c7100000, 0x00000000c7200000|  0%| F|  |TAMS 0x00000000c7100000| PB 0x00000000c7100000| Untracked |  0
|  56|0x00000000c7200000, 0x00000000c7200000, 0x00000000c7300000|  0%| F|  |TAMS 0x00000000c7200000| PB 0x00000000c7200000| Untracked |  0
|  57|0x00000000c7300000, 0x00000000c7300000, 0x00000000c7400000|  0%| F|  |TAMS 0x00000000c7300000| PB 0x00000000c7300000| Untracked |  0
|  58|0x00000000c7400000, 0x00000000c7400000, 0x00000000c7500000|  0%| F|  |TAMS 0x00000000c7400000| PB 0x00000000c7400000| Untracked |  0
|  59|0x00000000c7500000, 0x00000000c7500000, 0x00000000c7600000|  0%| F|  |TAMS 0x00000000c7500000| PB 0x00000000c7500000| Untracked |  0
|  60|0x00000000c7600000, 0x00000000c7600000, 0x00000000c7700000|  0%| F|  |TAMS 0x00000000c7600000| PB 0x00000000c7600000| Untracked |  0
|  61|0x00000000c7700000, 0x00000000c7800000, 0x00000000c7800000|100%| E|CS|TAMS 0x00000000c7700000| PB 0x00000000c7700000| Complete |  0
|  62|0x00000000c7800000, 0x00000000c78ec190, 0x00000000c7900000| 92%| E|  |TAMS 0x00000000c7800000| PB 0x00000000c7800000| Complete |  0
|  63|0x00000000c7900000, 0x00000000c7a00000, 0x00000000c7a00000|100%| E|CS|TAMS 0x00000000c7900000| PB 0x00000000c7900000| Complete |  0
|  64|0x00000000c7a00000, 0x00000000c7b00000, 0x00000000c7b00000|100%| E|CS|TAMS 0x00000000c7a00000| PB 0x00000000c7a00000| Complete |  0
|  65|0x00000000c7b00000, 0x00000000c7c00000, 0x00000000c7c00000|100%| E|CS|TAMS 0x00000000c7b00000| PB 0x00000000c7b00000| Complete |  0
| 963|0x00000000ffd00000, 0x00000000ffe00000, 0x00000000ffe00000|100%| O|  |TAMS 0x00000000ffd00000| PB 0x00000000ffd00000| Untracked |  0
| 964|0x00000000ffe00000, 0x00000000fff00000, 0x00000000fff00000|100%| O|  |TAMS 0x00000000ffe00000| PB 0x00000000ffe00000| Untracked |  0
| 965|0x00000000fff00000, 0x0000000100000000, 0x0000000100000000|100%| O|  |TAMS 0x00000000fff00000| PB 0x00000000fff00000| Untracked |  0

Card table byte_map: [0x0000017b55320000,0x0000017b55510000] _byte_map_base: 0x0000017b54d03000

Marking Bits: (CMBitMap*) 0x0000017b3c79ccb0
 Bits: [0x0000017b55510000, 0x0000017b56428000)

Polling page: 0x0000017b3a5d0000

Metaspace:

Usage:
  Non-class:     44.06 MB used.
      Class:      5.81 MB used.
       Both:     49.86 MB used.

Virtual space:
  Non-class space:       64.00 MB reserved,      44.31 MB ( 69%) committed,  1 nodes.
      Class space:        1.00 GB reserved,       5.94 MB ( <1%) committed,  1 nodes.
             Both:        1.06 GB reserved,      50.25 MB (  5%) committed. 

Chunk freelists:
   Non-Class:  2.80 MB
       Class:  10.09 MB
        Both:  12.89 MB

MaxMetaspaceSize: unlimited
CompressedClassSpaceSize: 1.00 GB
Initial GC threshold: 21.00 MB
Current GC threshold: 82.00 MB
CDS: on
 - commit_granule_bytes: 65536.
 - commit_granule_words: 8192.
 - virtual_space_node_default_size: 8388608.
 - enlarge_chunks_in_place: 1.
 - use_allocation_guard: 0.


Internal statistics:

num_allocs_failed_limit: 6.
num_arena_births: 332.
num_arena_deaths: 0.
num_vsnodes_births: 2.
num_vsnodes_deaths: 0.
num_space_committed: 804.
num_space_uncommitted: 0.
num_chunks_returned_to_freelist: 6.
num_chunks_taken_from_freelist: 2110.
num_chunk_merges: 6.
num_chunk_splits: 1714.
num_chunks_enlarged: 1526.
num_inconsistent_stats: 0.

CodeHeap 'non-profiled nmethods': size=120000Kb used=2617Kb max_used=2617Kb free=117382Kb
 bounds [0x0000017b4dc00000, 0x0000017b4de90000, 0x0000017b55130000]
CodeHeap 'profiled nmethods': size=120000Kb used=13931Kb max_used=13931Kb free=106069Kb
 bounds [0x0000017b46130000, 0x0000017b46ef0000, 0x0000017b4d660000]
CodeHeap 'non-nmethods': size=5760Kb used=2018Kb max_used=2034Kb free=3741Kb
 bounds [0x0000017b4d660000, 0x0000017b4d8d0000, 0x0000017b4dc00000]
 total_blobs=6358 nmethods=5565 adapters=695
 compilation: enabled
              stopped_count=0, restarted_count=0
 full_count=0

Compilation events (20 events):
Event: 19.105 Thread 0x0000017b588a0c60 6088       1       org.jetbrains.kotlin.fir.java.deserialization.JvmClassFileBasedSymbolProvider::access$getAnnotationsLoader$p (5 bytes)
Event: 19.105 Thread 0x0000017b588a0c60 nmethod 6088 0x0000017b4de8c090 code [0x0000017b4de8c220, 0x0000017b4de8c2d0]
Event: 19.105 Thread 0x0000017b588a0c60 6089       1       org.jetbrains.kotlin.fir.resolve.providers.impl.FirProviderImpl$State::getClassifierContainerFileMap (5 bytes)
Event: 19.105 Thread 0x0000017b588a0c60 nmethod 6089 0x0000017b4de8c390 code [0x0000017b4de8c520, 0x0000017b4de8c5e8]
Event: 19.105 Thread 0x0000017b588a0c60 6090       1       org.jetbrains.kotlin.fir.declarations.FirDeclarationOrigin::getGenerated (5 bytes)
Event: 19.105 Thread 0x0000017b588a0c60 nmethod 6090 0x0000017b4de8c690 code [0x0000017b4de8c820, 0x0000017b4de8c8f0]
Event: 19.108 Thread 0x0000017b588a0c60 6091       3       org.jetbrains.kotlin.ir.declarations.IrDeclarationBase::getParent (54 bytes)
Event: 19.109 Thread 0x0000017b588a0c60 nmethod 6091 0x0000017b46603890 code [0x0000017b46603b00, 0x0000017b46604350]
Event: 19.114 Thread 0x0000017b588a0c60 6092       1       org.jetbrains.kotlin.ir.declarations.impl.IrFunctionImpl::getCorrespondingPropertySymbol (5 bytes)
Event: 19.114 Thread 0x0000017b588a0c60 nmethod 6092 0x0000017b4de8c990 code [0x0000017b4de8cb20, 0x0000017b4de8cbe8]
Event: 19.118 Thread 0x0000017b588a0c60 6093       3       org.jetbrains.kotlin.types.AbstractTypeApproximator::argumentsCount (18 bytes)
Event: 19.119 Thread 0x0000017b588a0c60 nmethod 6093 0x0000017b46679f10 code [0x0000017b4667a140, 0x0000017b4667a7a0]
Event: 19.119 Thread 0x0000017b588a0c60 6094       3       org.jetbrains.kotlin.fir.symbols.impl.FirClassSymbol::getClassKind (11 bytes)
Event: 19.120 Thread 0x0000017b588a0c60 nmethod 6094 0x0000017b465bc090 code [0x0000017b465bc240, 0x0000017b465bc520]
Event: 19.208 Thread 0x0000017b588a0c60 6095       1       org.jetbrains.kotlin.fir.java.declarations.FirJavaTypeParameter::getSymbol (5 bytes)
Event: 19.208 Thread 0x0000017b588a0c60 nmethod 6095 0x0000017b4de8cc90 code [0x0000017b4de8ce20, 0x0000017b4de8cee8]
Event: 19.209 Thread 0x0000017b588a0c60 6096       1       org.jetbrains.kotlin.types.TypeApproximatorConfiguration::getApproximateLocalTypes (2 bytes)
Event: 19.209 Thread 0x0000017b588a0c60 nmethod 6096 0x0000017b4de8cf90 code [0x0000017b4de8d120, 0x0000017b4de8d1e8]
Event: 19.209 Thread 0x0000017b588a0c60 6097       1       org.jetbrains.kotlin.types.TypeApproximatorConfiguration::getApproximateAnonymous (2 bytes)
Event: 19.209 Thread 0x0000017b588a0c60 nmethod 6097 0x0000017b4de8d290 code [0x0000017b4de8d420, 0x0000017b4de8d4e8]

GC Heap History (20 events):
Event: 9.934 GC heap before
{Heap before GC invocations=9 (full 0):
 garbage-first heap   total reserved 989184K, committed 44032K, used 25600K [0x00000000c3a00000, 0x0000000100000000)
  region size 1024K, 6 young (6144K), 3 survivors (3072K)
 Metaspace       used 35837K, committed 36096K, reserved 1114112K
  class space    used 4360K, committed 4480K, reserved 1048576K
}
Event: 9.938 GC heap after
{Heap after GC invocations=10 (full 0):
 garbage-first heap   total reserved 989184K, committed 44032K, used 24585K [0x00000000c3a00000, 0x0000000100000000)
  region size 1024K, 1 young (1024K), 1 survivors (1024K)
 Metaspace       used 35837K, committed 36096K, reserved 1114112K
  class space    used 4360K, committed 4480K, reserved 1048576K
}
Event: 10.782 GC heap before
{Heap before GC invocations=11 (full 0):
 garbage-first heap   total reserved 989184K, committed 44032K, used 35849K [0x00000000c3a00000, 0x0000000100000000)
  region size 1024K, 12 young (12288K), 1 survivors (1024K)
 Metaspace       used 38196K, committed 38528K, reserved 1114112K
  class space    used 4615K, committed 4736K, reserved 1048576K
}
Event: 10.786 GC heap after
{Heap after GC invocations=12 (full 0):
 garbage-first heap   total reserved 989184K, committed 44032K, used 25251K [0x00000000c3a00000, 0x0000000100000000)
  region size 1024K, 2 young (2048K), 2 survivors (2048K)
 Metaspace       used 38196K, committed 38528K, reserved 1114112K
  class space    used 4615K, committed 4736K, reserved 1048576K
}
Event: 11.132 GC heap before
{Heap before GC invocations=12 (full 0):
 garbage-first heap   total reserved 989184K, committed 44032K, used 36515K [0x00000000c3a00000, 0x0000000100000000)
  region size 1024K, 13 young (13312K), 2 survivors (2048K)
 Metaspace       used 38864K, committed 39168K, reserved 1114112K
  class space    used 4688K, committed 4800K, reserved 1048576K
}
Event: 11.141 GC heap after
{Heap after GC invocations=13 (full 0):
 garbage-first heap   total reserved 989184K, committed 44032K, used 28137K [0x00000000c3a00000, 0x0000000100000000)
  region size 1024K, 2 young (2048K), 2 survivors (2048K)
 Metaspace       used 38864K, committed 39168K, reserved 1114112K
  class space    used 4688K, committed 4800K, reserved 1048576K
}
Event: 11.678 GC heap before
{Heap before GC invocations=13 (full 0):
 garbage-first heap   total reserved 989184K, committed 44032K, used 36329K [0x00000000c3a00000, 0x0000000100000000)
  region size 1024K, 11 young (11264K), 2 survivors (2048K)
 Metaspace       used 40247K, committed 40512K, reserved 1114112K
  class space    used 4856K, committed 4992K, reserved 1048576K
}
Event: 11.685 GC heap after
{Heap after GC invocations=14 (full 0):
 garbage-first heap   total reserved 989184K, committed 44032K, used 29934K [0x00000000c3a00000, 0x0000000100000000)
  region size 1024K, 2 young (2048K), 2 survivors (2048K)
 Metaspace       used 40247K, committed 40512K, reserved 1114112K
  class space    used 4856K, committed 4992K, reserved 1048576K
}
Event: 12.634 GC heap before
{Heap before GC invocations=15 (full 0):
 garbage-first heap   total reserved 989184K, committed 51200K, used 38126K [0x00000000c3a00000, 0x0000000100000000)
  region size 1024K, 10 young (10240K), 2 survivors (2048K)
 Metaspace       used 41561K, committed 41856K, reserved 1114112K
  class space    used 5024K, committed 5120K, reserved 1048576K
}
Event: 12.640 GC heap after
{Heap after GC invocations=16 (full 0):
 garbage-first heap   total reserved 989184K, committed 51200K, used 30921K [0x00000000c3a00000, 0x0000000100000000)
  region size 1024K, 1 young (1024K), 1 survivors (1024K)
 Metaspace       used 41561K, committed 41856K, reserved 1114112K
  class space    used 5024K, committed 5120K, reserved 1048576K
}
Event: 13.196 GC heap before
{Heap before GC invocations=16 (full 0):
 garbage-first heap   total reserved 989184K, committed 51200K, used 42185K [0x00000000c3a00000, 0x0000000100000000)
  region size 1024K, 13 young (13312K), 1 survivors (1024K)
 Metaspace       used 42132K, committed 42432K, reserved 1114112K
  class space    used 5073K, committed 5184K, reserved 1048576K
}
Event: 13.206 GC heap after
{Heap after GC invocations=17 (full 0):
 garbage-first heap   total reserved 989184K, committed 51200K, used 33078K [0x00000000c3a00000, 0x0000000100000000)
  region size 1024K, 2 young (2048K), 2 survivors (2048K)
 Metaspace       used 42132K, committed 42432K, reserved 1114112K
  class space    used 5073K, committed 5184K, reserved 1048576K
}
Event: 13.683 GC heap before
{Heap before GC invocations=17 (full 0):
 garbage-first heap   total reserved 989184K, committed 51200K, used 44342K [0x00000000c3a00000, 0x0000000100000000)
  region size 1024K, 13 young (13312K), 2 survivors (2048K)
 Metaspace       used 42772K, committed 43008K, reserved 1114112K
  class space    used 5140K, committed 5248K, reserved 1048576K
}
Event: 13.695 GC heap after
{Heap after GC invocations=18 (full 0):
 garbage-first heap   total reserved 989184K, committed 61440K, used 36606K [0x00000000c3a00000, 0x0000000100000000)
  region size 1024K, 2 young (2048K), 2 survivors (2048K)
 Metaspace       used 42772K, committed 43008K, reserved 1114112K
  class space    used 5140K, committed 5248K, reserved 1048576K
}
Event: 15.334 GC heap before
{Heap before GC invocations=19 (full 0):
 garbage-first heap   total reserved 989184K, committed 61440K, used 49918K [0x00000000c3a00000, 0x0000000100000000)
  region size 1024K, 17 young (17408K), 2 survivors (2048K)
 Metaspace       used 44586K, committed 44928K, reserved 1114112K
  class space    used 5277K, committed 5440K, reserved 1048576K
}
Event: 15.348 GC heap after
{Heap after GC invocations=20 (full 0):
 garbage-first heap   total reserved 989184K, committed 61440K, used 38483K [0x00000000c3a00000, 0x0000000100000000)
  region size 1024K, 3 young (3072K), 3 survivors (3072K)
 Metaspace       used 44586K, committed 44928K, reserved 1114112K
  class space    used 5277K, committed 5440K, reserved 1048576K
}
Event: 17.069 GC heap before
{Heap before GC invocations=20 (full 0):
 garbage-first heap   total reserved 989184K, committed 61440K, used 51795K [0x00000000c3a00000, 0x0000000100000000)
  region size 1024K, 17 young (17408K), 3 survivors (3072K)
 Metaspace       used 47268K, committed 47552K, reserved 1114112K
  class space    used 5571K, committed 5696K, reserved 1048576K
}
Event: 17.081 GC heap after
{Heap after GC invocations=21 (full 0):
 garbage-first heap   total reserved 989184K, committed 61440K, used 40001K [0x00000000c3a00000, 0x0000000100000000)
  region size 1024K, 2 young (2048K), 2 survivors (2048K)
 Metaspace       used 47268K, committed 47552K, reserved 1114112K
  class space    used 5571K, committed 5696K, reserved 1048576K
}
Event: 18.582 GC heap before
{Heap before GC invocations=21 (full 0):
 garbage-first heap   total reserved 989184K, committed 61440K, used 52289K [0x00000000c3a00000, 0x0000000100000000)
  region size 1024K, 15 young (15360K), 2 survivors (2048K)
 Metaspace       used 50063K, committed 50368K, reserved 1114112K
  class space    used 5821K, committed 5952K, reserved 1048576K
}
Event: 18.590 GC heap after
{Heap after GC invocations=22 (full 0):
 garbage-first heap   total reserved 989184K, committed 61440K, used 41162K [0x00000000c3a00000, 0x0000000100000000)
  region size 1024K, 2 young (2048K), 2 survivors (2048K)
 Metaspace       used 50063K, committed 50368K, reserved 1114112K
  class space    used 5821K, committed 5952K, reserved 1048576K
}

Dll operation events (7 events):
Event: 0.045 Loaded shared library C:\Program Files\OpenLogic\jdk-22.0.2.9-hotspot\bin\java.dll
Event: 0.177 Loaded shared library C:\Program Files\OpenLogic\jdk-22.0.2.9-hotspot\bin\jsvml.dll
Event: 0.252 Loaded shared library C:\Program Files\OpenLogic\jdk-22.0.2.9-hotspot\bin\net.dll
Event: 0.268 Loaded shared library C:\Program Files\OpenLogic\jdk-22.0.2.9-hotspot\bin\nio.dll
Event: 0.368 Loaded shared library C:\Program Files\OpenLogic\jdk-22.0.2.9-hotspot\bin\zip.dll
Event: 0.426 Loaded shared library C:\Program Files\OpenLogic\jdk-22.0.2.9-hotspot\bin\jimage.dll
Event: 4.737 Loaded shared library C:\Program Files\OpenLogic\jdk-22.0.2.9-hotspot\bin\verify.dll

Deoptimization events (20 events):
Event: 17.916 Thread 0x0000017b3c763930 Uncommon trap: trap_request=0xffffffde fr.pc=0x0000017b4dcc3aec relative=0x000000000000024c
Event: 17.916 Thread 0x0000017b3c763930 Uncommon trap: reason=class_check action=maybe_recompile pc=0x0000017b4dcc3aec method=org.jetbrains.kotlin.protobuf.CodedOutputStream.refreshBuffer()V @ 28 c2
Event: 17.916 Thread 0x0000017b3c763930 DEOPT PACKING pc=0x0000017b4dcc3aec sp=0x00000005d9afdf60
Event: 17.916 Thread 0x0000017b3c763930 DEOPT UNPACKING pc=0x0000017b4d6b7da2 sp=0x00000005d9afdec8 mode 2
Event: 17.917 Thread 0x0000017b3c763930 Uncommon trap: trap_request=0xffffffde fr.pc=0x0000017b4dcc11ec relative=0x000000000000024c
Event: 17.917 Thread 0x0000017b3c763930 Uncommon trap: reason=class_check action=maybe_recompile pc=0x0000017b4dcc11ec method=org.jetbrains.kotlin.protobuf.CodedOutputStream.refreshBuffer()V @ 28 c2
Event: 17.917 Thread 0x0000017b3c763930 DEOPT PACKING pc=0x0000017b4dcc11ec sp=0x00000005d9afdf00
Event: 17.917 Thread 0x0000017b3c763930 DEOPT UNPACKING pc=0x0000017b4d6b7da2 sp=0x00000005d9afdec8 mode 2
Event: 19.015 Thread 0x0000017b3c763930 Uncommon trap: trap_request=0xffffff45 fr.pc=0x0000017b4de50248 relative=0x0000000000000388
Event: 19.015 Thread 0x0000017b3c763930 Uncommon trap: reason=unstable_if action=reinterpret pc=0x0000017b4de50248 method=java.util.ArrayList.grow(I)[Ljava/lang/Object; @ 17 c2
Event: 19.015 Thread 0x0000017b3c763930 DEOPT PACKING pc=0x0000017b4de50248 sp=0x00000005d9afc510
Event: 19.016 Thread 0x0000017b3c763930 DEOPT UNPACKING pc=0x0000017b4d6b7da2 sp=0x00000005d9afc4b8 mode 2
Event: 19.046 Thread 0x0000017b3c763930 Uncommon trap: trap_request=0xffffff45 fr.pc=0x0000017b4dc7dd44 relative=0x0000000000000704
Event: 19.046 Thread 0x0000017b3c763930 Uncommon trap: reason=unstable_if action=reinterpret pc=0x0000017b4dc7dd44 method=java.util.ArrayList.grow(I)[Ljava/lang/Object; @ 17 c2
Event: 19.046 Thread 0x0000017b3c763930 DEOPT PACKING pc=0x0000017b4dc7dd44 sp=0x00000005d9afd470
Event: 19.046 Thread 0x0000017b3c763930 DEOPT UNPACKING pc=0x0000017b4d6b7da2 sp=0x00000005d9afd308 mode 2
Event: 19.099 Thread 0x0000017b3c763930 Uncommon trap: trap_request=0xffffffbe fr.pc=0x0000017b4de3b420 relative=0x0000000000000240
Event: 19.099 Thread 0x0000017b3c763930 Uncommon trap: reason=profile_predicate action=maybe_recompile pc=0x0000017b4de3b420 method=org.jetbrains.kotlin.com.intellij.openapi.vfs.VfsUtilCore.isAncestor(Lorg/jetbrains/kotlin/com/intellij/openapi/vfs/VirtualFile;Lorg/jetbrains/kotlin/com/intellij/
Event: 19.099 Thread 0x0000017b3c763930 DEOPT PACKING pc=0x0000017b4de3b420 sp=0x00000005d9af94e0
Event: 19.099 Thread 0x0000017b3c763930 DEOPT UNPACKING pc=0x0000017b4d6b7da2 sp=0x00000005d9af9470 mode 2

Classes loaded (20 events):
Event: 11.667 Loading class java/util/AbstractList$SubList$1
Event: 11.667 Loading class java/util/AbstractList$SubList$1 done
Event: 13.751 Loading class java/lang/Byte$ByteCache
Event: 13.752 Loading class java/lang/Byte$ByteCache done
Event: 15.485 Loading class java/text/MessageFormat
Event: 15.487 Loading class java/text/MessageFormat done
Event: 15.653 Loading class java/text/ChoiceFormat
Event: 15.654 Loading class java/text/ChoiceFormat done
Event: 15.725 Loading class java/util/RegularEnumSet$EnumSetIterator
Event: 15.725 Loading class java/util/RegularEnumSet$EnumSetIterator done
Event: 16.545 Loading class java/util/EnumMap$EntrySet
Event: 16.547 Loading class java/util/EnumMap$EntrySet done
Event: 16.548 Loading class java/util/EnumMap$EntryIterator
Event: 16.549 Loading class java/util/EnumMap$EnumMapIterator
Event: 16.551 Loading class java/util/EnumMap$EnumMapIterator done
Event: 16.551 Loading class java/util/EnumMap$EntryIterator done
Event: 16.551 Loading class java/util/EnumMap$EntryIterator$Entry
Event: 16.552 Loading class java/util/EnumMap$EntryIterator$Entry done
Event: 18.846 Loading class java/security/CodeSigner
Event: 18.847 Loading class java/security/CodeSigner done

Classes unloaded (0 events):
No events

Classes redefined (0 events):
No events

Internal exceptions (20 events):
Event: 11.399 Thread 0x0000017b3c763930 Exception <a 'java/lang/NoSuchMethodError'{0x00000000c5dd6e28}: 'java.lang.Object java.lang.invoke.DirectMethodHandle$Holder.newInvokeSpecial(java.lang.Object, int, java.lang.Object)'> (0x00000000c5dd6e28) 
thrown [s\src\hotspot\share\interpreter\linkResolver.cpp, line 774]
Event: 11.871 Thread 0x0000017b3c763930 Exception <a 'java/lang/NoSuchMethodError'{0x00000000c66b5970}: 'java.lang.Object java.lang.invoke.DirectMethodHandle$Holder.newInvokeSpecial(java.lang.Object, java.lang.Object, java.lang.Object, java.lang.Object, int, java.lang.Object, java.lang.Object)'> (0x00000000c66b5970) 
thrown [s\src\hotspot\share\interpreter\linkResolver.cpp, line 774]
Event: 11.873 Thread 0x0000017b3c763930 Exception <a 'java/lang/NoSuchMethodError'{0x00000000c66be040}: 'java.lang.Object java.lang.invoke.Invokers$Holder.linkToTargetMethod(java.lang.Object, java.lang.Object, java.lang.Object, int, java.lang.Object, java.lang.Object, java.lang.Object)'> (0x00000000c66be040) 
thrown [s\src\hotspot\share\interpreter\linkResolver.cpp, line 774]
Event: 11.986 Thread 0x0000017b3c763930 Exception <a 'java/lang/NoSuchMethodError'{0x00000000c6420678}: 'java.lang.Object java.lang.invoke.DirectMethodHandle$Holder.invokeSpecial(java.lang.Object, java.lang.Object, int, java.lang.Object, java.lang.Object)'> (0x00000000c6420678) 
thrown [s\src\hotspot\share\interpreter\linkResolver.cpp, line 774]
Event: 12.120 Thread 0x0000017b3c763930 Exception <a 'java/lang/NoSuchMethodError'{0x00000000c6398df8}: 'java.lang.Object java.lang.invoke.DirectMethodHandle$Holder.newInvokeSpecial(java.lang.Object, java.lang.Object, java.lang.Object, java.lang.Object, java.lang.Object, java.lang.Object, java.lang.Object, java.lang.Object, java.lang.Object)'> (0x00000000c6398df8) 
thrown [s\src\hotspot\share\interpreter\linkResolver.cpp, line 774]
Event: 13.394 Thread 0x0000017b3c763930 Exception <a 'java/lang/NoSuchMethodError'{0x00000000c62f4df8}: 'java.lang.Object java.lang.invoke.DirectMethodHandle$Holder.invokeStatic(java.lang.Object, java.lang.Object, java.lang.Object, int, java.lang.Object, java.lang.Object)'> (0x00000000c62f4df8) 
thrown [s\src\hotspot\share\interpreter\linkResolver.cpp, line 774]
Event: 13.911 Thread 0x0000017b3c763930 Exception <a 'java/lang/NoSuchMethodError'{0x00000000c6e2e8f8}: 'java.lang.Object java.lang.invoke.DirectMethodHandle$Holder.newInvokeSpecial(java.lang.Object, java.lang.Object, java.lang.Object, java.lang.Object, java.lang.Object, int)'> (0x00000000c6e2e8f8) 
thrown [s\src\hotspot\share\interpreter\linkResolver.cpp, line 774]
Event: 13.912 Thread 0x0000017b3c763930 Exception <a 'java/lang/NoSuchMethodError'{0x00000000c6e33380}: 'java.lang.Object java.lang.invoke.DirectMethodHandle$Holder.invokeSpecial(java.lang.Object, java.lang.Object, java.lang.Object, java.lang.Object, java.lang.Object, java.lang.Object, int)'> (0x00000000c6e33380) 
thrown [s\src\hotspot\share\interpreter\linkResolver.cpp, line 774]
Event: 13.912 Thread 0x0000017b3c763930 Exception <a 'java/lang/NoSuchMethodError'{0x00000000c6e37708}: 'java.lang.Object java.lang.invoke.Invokers$Holder.linkToTargetMethod(java.lang.Object, java.lang.Object, java.lang.Object, java.lang.Object, int, java.lang.Object)'> (0x00000000c6e37708) 
thrown [s\src\hotspot\share\interpreter\linkResolver.cpp, line 774]
Event: 14.072 Thread 0x0000017b3c763930 Exception <a 'java/lang/NoSuchMethodError'{0x00000000c6b82a30}: 'java.lang.Object java.lang.invoke.DirectMethodHandle$Holder.newInvokeSpecial(java.lang.Object, int, java.lang.Object, java.lang.Object, java.lang.Object)'> (0x00000000c6b82a30) 
thrown [s\src\hotspot\share\interpreter\linkResolver.cpp, line 774]
Event: 14.073 Thread 0x0000017b3c763930 Exception <a 'java/lang/NoSuchMethodError'{0x00000000c6b8a3e0}: 'java.lang.Object java.lang.invoke.Invokers$Holder.linkToTargetMethod(int, java.lang.Object, java.lang.Object, java.lang.Object, java.lang.Object)'> (0x00000000c6b8a3e0) 
thrown [s\src\hotspot\share\interpreter\linkResolver.cpp, line 774]
Event: 16.265 Thread 0x0000017b3c763930 Exception <a 'java/lang/NoSuchMethodError'{0x00000000c6b50aa0}: 'java.lang.Object java.lang.invoke.DirectMethodHandle$Holder.invokeStaticInit(java.lang.Object, int, int, java.lang.Object)'> (0x00000000c6b50aa0) 
thrown [s\src\hotspot\share\interpreter\linkResolver.cpp, line 774]
Event: 16.320 Thread 0x0000017b3c763930 Implicit null exception at 0x0000017b4dc4d763 to 0x0000017b4dc4d940
Event: 16.825 Thread 0x0000017b3c763930 Exception <a 'java/lang/NoSuchMethodError'{0x00000000c6801b80}: 'java.lang.Object java.lang.invoke.DirectMethodHandle$Holder.newInvokeSpecial(java.lang.Object, java.lang.Object, int, java.lang.Object, java.lang.Object, java.lang.Object)'> (0x00000000c6801b80) 
thrown [s\src\hotspot\share\interpreter\linkResolver.cpp, line 774]
Event: 16.826 Thread 0x0000017b3c763930 Exception <a 'java/lang/NoSuchMethodError'{0x00000000c6805cf0}: 'java.lang.Object java.lang.invoke.DirectMethodHandle$Holder.invokeSpecial(java.lang.Object, java.lang.Object, java.lang.Object, int, java.lang.Object, java.lang.Object, java.lang.Object)'> (0x00000000c6805cf0) 
thrown [s\src\hotspot\share\interpreter\linkResolver.cpp, line 774]
Event: 16.826 Thread 0x0000017b3c763930 Exception <a 'java/lang/NoSuchMethodError'{0x00000000c6809358}: 'java.lang.Object java.lang.invoke.Invokers$Holder.linkToTargetMethod(java.lang.Object, int, java.lang.Object, java.lang.Object, java.lang.Object, java.lang.Object)'> (0x00000000c6809358) 
thrown [s\src\hotspot\share\interpreter\linkResolver.cpp, line 774]
Event: 17.586 Thread 0x0000017b3c763930 Implicit null exception at 0x0000017b4dc57ba4 to 0x0000017b4dc582f4
Event: 17.647 Thread 0x0000017b3c763930 Implicit null exception at 0x0000017b4dc4c420 to 0x0000017b4dc4cb68
Event: 18.931 Thread 0x0000017b3c763930 Exception <a 'java/lang/NoSuchMethodError'{0x00000000c7abfd70}: 'java.lang.Object java.lang.invoke.DirectMethodHandle$Holder.newInvokeSpecial(java.lang.Object, java.lang.Object, java.lang.Object, java.lang.Object, java.lang.Object, java.lang.Object, java.lang.Object, java.lang.Object, int)'> (0x00000000c7abfd70) 
thrown [s\src\hotspot\share\interpreter\linkResolver.cpp, line 774]
Event: 18.938 Thread 0x0000017b3c763930 Exception <a 'java/lang/NoSuchMethodError'{0x00000000c7ac4b08}: 'java.lang.Object java.lang.invoke.DirectMethodHandle$Holder.invokeSpecial(java.lang.Object, java.lang.Object, java.lang.Object, java.lang.Object, java.lang.Object, java.lang.Object, java.lang.Object, java.lang.Object, java.lang.Object, int)'> (0x00000000c7ac4b08) 
thrown [s\src\hotspot\share\interpreter\linkResolver.cpp, line 774]

ZGC Phase Switch (0 events):
No events

VM Operations (20 events):
Event: 17.069 Executing VM operation: G1CollectForAllocation (G1 Evacuation Pause)
Event: 17.081 Executing VM operation: G1CollectForAllocation (G1 Evacuation Pause) done
Event: 17.538 Executing VM operation: HandshakeAllThreads (Deoptimize)
Event: 17.538 Executing VM operation: HandshakeAllThreads (Deoptimize) done
Event: 17.765 Executing VM operation: HandshakeAllThreads (Deoptimize)
Event: 17.765 Executing VM operation: HandshakeAllThreads (Deoptimize) done
Event: 17.769 Executing VM operation: HandshakeAllThreads (Deoptimize)
Event: 17.769 Executing VM operation: HandshakeAllThreads (Deoptimize) done
Event: 18.412 Executing VM operation: HandshakeAllThreads (Deoptimize)
Event: 18.412 Executing VM operation: HandshakeAllThreads (Deoptimize) done
Event: 18.412 Executing VM operation: Cleanup
Event: 18.412 Executing VM operation: Cleanup done
Event: 18.582 Executing VM operation: G1CollectForAllocation (G1 Evacuation Pause)
Event: 18.590 Executing VM operation: G1CollectForAllocation (G1 Evacuation Pause) done
Event: 18.687 Executing VM operation: G1PauseRemark
Event: 18.728 Executing VM operation: G1PauseRemark done
Event: 18.763 Executing VM operation: G1PauseCleanup
Event: 18.774 Executing VM operation: G1PauseCleanup done
Event: 18.920 Executing VM operation: HandshakeAllThreads (Deoptimize)
Event: 18.920 Executing VM operation: HandshakeAllThreads (Deoptimize) done

Memory protections (0 events):
No events

Nmethod flushes (20 events):
Event: 18.713 Thread 0x0000017b3c8208e0 flushing  nmethod 0x0000017b4660ce90
Event: 18.713 Thread 0x0000017b3c8208e0 flushing  nmethod 0x0000017b4666bd90
Event: 18.713 Thread 0x0000017b3c8208e0 flushing  nmethod 0x0000017b4666cc90
Event: 18.713 Thread 0x0000017b3c8208e0 flushing  nmethod 0x0000017b4666e390
Event: 18.713 Thread 0x0000017b3c8208e0 flushing  nmethod 0x0000017b46674590
Event: 18.713 Thread 0x0000017b3c8208e0 flushing  nmethod 0x0000017b46675810
Event: 18.713 Thread 0x0000017b3c8208e0 flushing  nmethod 0x0000017b4667f710
Event: 18.713 Thread 0x0000017b3c8208e0 flushing  nmethod 0x0000017b46686210
Event: 18.713 Thread 0x0000017b3c8208e0 flushing  nmethod 0x0000017b46686910
Event: 18.713 Thread 0x0000017b3c8208e0 flushing  nmethod 0x0000017b4669f590
Event: 18.713 Thread 0x0000017b3c8208e0 flushing  nmethod 0x0000017b466c4990
Event: 18.713 Thread 0x0000017b3c8208e0 flushing  nmethod 0x0000017b466c5810
Event: 18.713 Thread 0x0000017b3c8208e0 flushing  nmethod 0x0000017b466d4710
Event: 18.713 Thread 0x0000017b3c8208e0 flushing  nmethod 0x0000017b466f4190
Event: 18.713 Thread 0x0000017b3c8208e0 flushing  nmethod 0x0000017b4672d010
Event: 18.713 Thread 0x0000017b3c8208e0 flushing  nmethod 0x0000017b4675fd90
Event: 18.713 Thread 0x0000017b3c8208e0 flushing  nmethod 0x0000017b46837c90
Event: 18.713 Thread 0x0000017b3c8208e0 flushing  nmethod 0x0000017b4693c190
Event: 18.713 Thread 0x0000017b3c8208e0 flushing  nmethod 0x0000017b469f2f10
Event: 18.713 Thread 0x0000017b3c8208e0 flushing  nmethod 0x0000017b46a2d790

Events (11 events):
Event: 0.106 Thread 0x0000017b3c763930 Thread added: 0x0000017b3c763930
Event: 0.162 Thread 0x0000017b3c763930 Thread added: 0x0000017b5888fd70
Event: 0.163 Thread 0x0000017b3c763930 Thread added: 0x0000017b58890f30
Event: 0.163 Thread 0x0000017b3c763930 Thread added: 0x0000017b58893f00
Event: 0.163 Thread 0x0000017b3c763930 Thread added: 0x0000017b58894d10
Event: 0.163 Thread 0x0000017b3c763930 Thread added: 0x0000017b58898880
Event: 0.163 Thread 0x0000017b3c763930 Thread added: 0x0000017b588993d0
Event: 0.163 Thread 0x0000017b3c763930 Thread added: 0x0000017b5889c260
Event: 0.165 Thread 0x0000017b3c763930 Thread added: 0x0000017b588a0c60
Event: 0.243 Thread 0x0000017b3c763930 Thread added: 0x0000017b58afd160
Event: 0.246 Thread 0x0000017b3c763930 Thread added: 0x0000017b58b05410


Dynamic libraries:
0x00007ff748e60000 - 0x00007ff748e6e000 	C:\Program Files\OpenLogic\jdk-22.0.2.9-hotspot\bin\java.exe
0x00007ffb5c1f0000 - 0x00007ffb5c3e8000 	C:\Windows\SYSTEM32\ntdll.dll
0x00007ffb5b8f0000 - 0x00007ffb5b9b2000 	C:\Windows\System32\KERNEL32.DLL
0x00007ffb59ba0000 - 0x00007ffb59e96000 	C:\Windows\System32\KERNELBASE.dll
0x00007ffb59f30000 - 0x00007ffb5a030000 	C:\Windows\System32\ucrtbase.dll
0x00007ffb49ed0000 - 0x00007ffb49eeb000 	C:\Program Files\OpenLogic\jdk-22.0.2.9-hotspot\bin\VCRUNTIME140.dll
0x00007ffb49eb0000 - 0x00007ffb49ec7000 	C:\Program Files\OpenLogic\jdk-22.0.2.9-hotspot\bin\jli.dll
0x00007ffb5b740000 - 0x00007ffb5b8e1000 	C:\Windows\System32\USER32.dll
0x00007ffb59ac0000 - 0x00007ffb59ae2000 	C:\Windows\System32\win32u.dll
0x00007ffb5c170000 - 0x00007ffb5c19b000 	C:\Windows\System32\GDI32.dll
0x00007ffb59880000 - 0x00007ffb59999000 	C:\Windows\System32\gdi32full.dll
0x00007ffb599a0000 - 0x00007ffb59a3d000 	C:\Windows\System32\msvcp_win.dll
0x00007ffb47660000 - 0x00007ffb478fb000 	C:\Windows\WinSxS\amd64_microsoft.windows.common-controls_6595b64144ccf1df_6.0.19041.6456_none_60b8a6cb71f64256\COMCTL32.dll
0x00007ffb5a520000 - 0x00007ffb5a5be000 	C:\Windows\System32\msvcrt.dll
0x00007ffb5c140000 - 0x00007ffb5c16f000 	C:\Windows\System32\IMM32.DLL
0x00007ffb4ef10000 - 0x00007ffb4ef1c000 	C:\Program Files\OpenLogic\jdk-22.0.2.9-hotspot\bin\vcruntime140_1.dll
0x00007ffaf39e0000 - 0x00007ffaf3a6d000 	C:\Program Files\OpenLogic\jdk-22.0.2.9-hotspot\bin\msvcp140.dll
0x00007ffaacf00000 - 0x00007ffaadcd0000 	C:\Program Files\OpenLogic\jdk-22.0.2.9-hotspot\bin\server\jvm.dll
0x00007ffb5af10000 - 0x00007ffb5afc1000 	C:\Windows\System32\ADVAPI32.dll
0x00007ffb5bb00000 - 0x00007ffb5bb9f000 	C:\Windows\System32\sechost.dll
0x00007ffb5a980000 - 0x00007ffb5aaa0000 	C:\Windows\System32\RPCRT4.dll
0x00007ffb5a190000 - 0x00007ffb5a1b7000 	C:\Windows\System32\bcrypt.dll
0x00007ffb5a4b0000 - 0x00007ffb5a51b000 	C:\Windows\System32\WS2_32.dll
0x00007ffb596e0000 - 0x00007ffb5972b000 	C:\Windows\SYSTEM32\POWRPROF.dll
0x00007ffb52b00000 - 0x00007ffb52b0a000 	C:\Windows\SYSTEM32\VERSION.dll
0x00007ffb43ac0000 - 0x00007ffb43ae7000 	C:\Windows\SYSTEM32\WINMM.dll
0x00007ffb596c0000 - 0x00007ffb596d2000 	C:\Windows\SYSTEM32\UMPDC.dll
0x00007ffb58050000 - 0x00007ffb58062000 	C:\Windows\SYSTEM32\kernel.appcore.dll
0x00007ffb4eef0000 - 0x00007ffb4eefa000 	C:\Program Files\OpenLogic\jdk-22.0.2.9-hotspot\bin\jimage.dll
0x00007ffb57420000 - 0x00007ffb57621000 	C:\Windows\SYSTEM32\DBGHELP.DLL
0x00007ffb3e400000 - 0x00007ffb3e434000 	C:\Windows\SYSTEM32\dbgcore.DLL
0x00007ffb59ea0000 - 0x00007ffb59f22000 	C:\Windows\System32\bcryptPrimitives.dll
0x00007ffb49e90000 - 0x00007ffb49eae000 	C:\Program Files\OpenLogic\jdk-22.0.2.9-hotspot\bin\java.dll
0x00007ffb5afd0000 - 0x00007ffb5b740000 	C:\Windows\System32\SHELL32.dll
0x00007ffb5a6a0000 - 0x00007ffb5a7cb000 	C:\Windows\System32\ole32.dll
0x00007ffb5bbc0000 - 0x00007ffb5bf14000 	C:\Windows\System32\combase.dll
0x00007ffb57890000 - 0x00007ffb58035000 	C:\Windows\SYSTEM32\windows.storage.dll
0x00007ffb591d0000 - 0x00007ffb591fb000 	C:\Windows\SYSTEM32\Wldp.dll
0x00007ffb5a3e0000 - 0x00007ffb5a4ad000 	C:\Windows\System32\OLEAUT32.dll
0x00007ffb5c090000 - 0x00007ffb5c13d000 	C:\Windows\System32\SHCORE.dll
0x00007ffb5a5c0000 - 0x00007ffb5a61b000 	C:\Windows\System32\shlwapi.dll
0x00007ffb597b0000 - 0x00007ffb597d4000 	C:\Windows\SYSTEM32\profapi.dll
0x00007ffaf1440000 - 0x00007ffaf1516000 	C:\Program Files\OpenLogic\jdk-22.0.2.9-hotspot\bin\jsvml.dll
0x00007ffb49f20000 - 0x00007ffb49f30000 	C:\Program Files\OpenLogic\jdk-22.0.2.9-hotspot\bin\net.dll
0x00007ffb58ee0000 - 0x00007ffb58f4a000 	C:\Windows\system32\mswsock.dll
0x00007ffb49e70000 - 0x00007ffb49e86000 	C:\Program Files\OpenLogic\jdk-22.0.2.9-hotspot\bin\nio.dll
0x00007ffb495b0000 - 0x00007ffb495c7000 	C:\Program Files\OpenLogic\jdk-22.0.2.9-hotspot\bin\zip.dll
0x00007ffb49590000 - 0x00007ffb495a0000 	C:\Program Files\OpenLogic\jdk-22.0.2.9-hotspot\bin\verify.dll

dbghelp: loaded successfully - version: 4.0.5 - missing functions: none
symbol engine: initialized successfully - sym options: 0x614 - pdb path: .;C:\Program Files\OpenLogic\jdk-22.0.2.9-hotspot\bin;C:\Windows\SYSTEM32;C:\Windows\WinSxS\amd64_microsoft.windows.common-controls_6595b64144ccf1df_6.0.19041.6456_none_60b8a6cb71f64256;C:\Program Files\OpenLogic\jdk-22.0.2.9-hotspot\bin\server

VM Arguments:
java_command: org.jetbrains.kotlin.cli.jvm.K2JVMCompiler @C:\Users\DELL\Desktop\shadowtrace\mobile-app\node_modules\@react-native\gradle-plugin\shared\build\20260302_16594978721379499855.compiler.options
java_class_path (initial): C:\Users\DELL\.gradle\caches\modules-2\files-2.1\org.jetbrains.kotlin\kotlin-compiler-embeddable\2.1.20\4ef56b3316798316bfac7a0ae443391c9e900ea1\kotlin-compiler-embeddable-2.1.20.jar;C:\Users\DELL\.gradle\caches\modules-2\files-2.1\org.jetbrains.kotlin\kotlin-stdlib\2.1.20\aa8ca79cd50578314f6d1180c47cbe14c0fee567\kotlin-stdlib-2.1.20.jar;C:\Users\DELL\.gradle\caches\modules-2\files-2.1\org.jetbrains.kotlin\kotlin-script-runtime\2.1.20\f7c623d7f7bdb01f5ccd6b437bc0a937fcd7c57e\kotlin-script-runtime-2.1.20.jar;C:\Users\DELL\.gradle\caches\modules-2\files-2.1\org.jetbrains.kotlin\kotlin-reflect\1.6.10\1cbe9c92c12a94eea200d23c2bbaedaf3daf5132\kotlin-reflect-1.6.10.jar;C:\Users\DELL\.gradle\caches\modules-2\files-2.1\org.jetbrains.kotlin\kotlin-daemon-embeddable\2.1.20\95670fce77befd02a70a0bc3abe8ee4533521334\kotlin-daemon-embeddable-2.1.20.jar;C:\Users\DELL\.gradle\caches\modules-2\files-2.1\org.jetbrains.intellij.deps\trove4j\1.0.20200330\3afb14d5f9ceb459d724e907a21145e8ff394f02\trove4j-1.0.20200330.jar;C:\Users\DELL\.gradle\caches\modules-2\files-2.1\org.jetbrains.kotlinx\kotlinx-coroutines-core-jvm\1.8.0\ac1dc37a30a93150b704022f8d895ee1bd3a36b3\kotlinx-coroutines-core-jvm-1.8.0.jar;C:\Users\DELL\.gradle\caches\modules-2\files-2.1\org.jetbrains\annotations\13.0\919f0dfe192fb4e063e7dacadee7f8bb9a2672a9\annotations-13.0.jar
Launcher Type: SUN_STANDARD

[Global flags]
     intx CICompilerCount                          = 3                                         {product} {ergonomic}
     uint ConcGCThreads                            = 1                                         {product} {ergonomic}
     uint G1ConcRefinementThreads                  = 4                                         {product} {ergonomic}
   size_t G1HeapRegionSize                         = 1048576                                   {product} {ergonomic}
   size_t InitialHeapSize                          = 65011712                                  {product} {ergonomic}
   size_t MarkStackSize                            = 4194304                                   {product} {ergonomic}
   size_t MaxHeapSize                              = 1012924416                                {product} {ergonomic}
   size_t MaxNewSize                               = 607125504                                 {product} {ergonomic}
   size_t MinHeapDeltaBytes                        = 1048576                                   {product} {ergonomic}
   size_t MinHeapSize                              = 8388608                                   {product} {ergonomic}
    uintx NonNMethodCodeHeapSize                   = 5832780                                {pd product} {ergonomic}
    uintx NonProfiledCodeHeapSize                  = 122912730                              {pd product} {ergonomic}
    uintx ProfiledCodeHeapSize                     = 122912730                              {pd product} {ergonomic}
    uintx ReservedCodeCacheSize                    = 251658240                              {pd product} {ergonomic}
     bool SegmentedCodeCache                       = true                                      {product} {ergonomic}
   size_t SoftMaxHeapSize                          = 1012924416                             {manageable} {ergonomic}
     bool UseCompressedOops                        = true                           {product lp64_product} {ergonomic}
     bool UseG1GC                                  = true                                      {product} {ergonomic}
     bool UseLargePagesIndividualAllocation        = false                                  {pd product} {ergonomic}

Logging:
Log output configuration:
 #0: stdout all=warning uptime,level,tags foldmultilines=false
 #1: stderr all=off uptime,level,tags foldmultilines=false

Environment Variables:
PATH=C:\Program Files\OpenLogic\jdk-22.0.2.9-hotspot\bin;C:\Windows\system32;C:\Windows;C:\Windows\System32\Wbem;C:\Windows\System32\WindowsPowerShell\v1.0\;C:\Windows\System32\OpenSSH\;C:\Program Files\dotnet\;C:\MinGW\bin;C:\Program Files\Git\cmd;C:\Users\DELL\AppData\Roaming\nvm;C:\Program Files\nodejs;C:\ProgramData\chocolatey\bin;C:\Program Files\nodejs\;C:\Users\DELL\AppData\Local\Programs\Python\Python313\Scripts;C:\Users\DELL\AppData\Local\Programs\Python\Python313\;C:\platform-tools;C:\MinGW\bin;C:\MinGW\bin;C:\Program Files\MySQL\MySQL Server 8.0\bin;C:\Users\DELL\AppData\Local\Programs\Python\Python310\Scripts\;C:\Users\DELL\AppData\Local\Programs\Python\Python310\;C:\Users\DELL\AppData\Local\Programs\Python\Python313\Scripts\;C:\Users\DELL\AppData\Local\Programs\Python\Python313\;C:\Users\DELL\AppData\Local\Programs\Python\Launcher\;C:\Users\DELL\AppData\Local\Microsoft\WindowsApps;C:\Users\DELL\AppData\Local\Programs\Microsoft VS Code\bin;C:\Users\DELL\AppData\Roaming\nvm;C:\Program Files\nodejs;C:\Users\DELL\AppData\Roaming\npm;C:\Program Files\heroku\bin;C:\Users\DELL\.dotnet\tools;C:\Users\DELL\Downloads\x64;C:\Users\DELL\AppData\Local\Programs\Python\Python310\;C:\Users\DELL\AppData\Local\Programs\Antigravity\bin
USERNAME=DELL
OS=Windows_NT
PROCESSOR_IDENTIFIER=Intel64 Family 6 Model 126 Stepping 5, GenuineIntel
TMP=C:\Users\DELL\AppData\Local\Temp
TEMP=C:\Users\DELL\AppData\Local\Temp




Periodic native trim disabled

---------------  S Y S T E M  ---------------

OS:
 Windows 10 , 64 bit Build 19041 (10.0.19041.5915)
OS uptime: 5 days 0:17 hours
Hyper-V role detected

CPU: total 4 (initial active 4) (2 cores per cpu, 2 threads per core) family 6 model 126 stepping 5 microcode 0xca, cx8, cmov, fxsr, ht, mmx, 3dnowpref, sse, sse2, sse3, ssse3, sse4.1, sse4.2, popcnt, lzcnt, tsc, tscinvbit, avx, avx2, aes, erms, clmul, bmi1, bmi2, adx, avx512f, avx512dq, avx512cd, avx512bw, avx512vl, sha, fma, vzeroupper, avx512_vpopcntdq, avx512_vpclmulqdq, avx512_vaes, avx512_vnni, clflush, clflushopt, avx512_vbmi2, avx512_vbmi, hv, rdtscp, rdpid, fsrm, gfni, avx512_bitalg, f16c, avx512_ifma
Processor Information for all 4 processors :
  Max Mhz: 1190, Current Mhz: 1190, Mhz Limit: 1190

Memory: 4k page, system-wide physical 3862M (83M free)
TotalPageFile size 15638M (AvailPageFile size 6M)
current process WorkingSet (physical memory assigned to process): 192M, peak: 193M
current process commit charge ("private bytes"): 256M, peak: 257M

vm_info: OpenJDK 64-Bit Server VM (22.0.2+9-adhoc.Administrator.jdk22u) for windows-amd64 JRE (22.0.2+9-adhoc.Administrator.jdk22u), built on 2024-10-10T20:22:04Z by "Administrator" with MS VC++ 16.10 / 16.11 (VS2019)

END.
